[aeth-faith] FC: N=8671 dim=14 classes=2 train=6069 test=1734
Epoch: 0, train_acc: 0.8247, val_acc: 0.7938, train_loss: 0.4753
Val improved
Epoch: 1, train_acc: 0.8309, val_acc: 0.7938, train_loss: 0.4604
Epoch: 2, train_acc: 0.8309, val_acc: 0.7938, train_loss: 0.4604
Epoch: 3, train_acc: 0.8309, val_acc: 0.7938, train_loss: 0.4556
Epoch: 4, train_acc: 0.8309, val_acc: 0.7938, train_loss: 0.4560
Epoch: 5, train_acc: 0.8309, val_acc: 0.7938, train_loss: 0.4554
Epoch: 6, train_acc: 0.8309, val_acc: 0.7938, train_loss: 0.4542
Epoch: 7, train_acc: 0.8309, val_acc: 0.7938, train_loss: 0.4529
Epoch: 8, train_acc: 0.8309, val_acc: 0.7938, train_loss: 0.4517
Epoch: 9, train_acc: 0.8309, val_acc: 0.7938, train_loss: 0.4508
Epoch: 10, train_acc: 0.8309, val_acc: 0.7938, train_loss: 0.4484
Epoch: 11, train_acc: 0.8309, val_acc: 0.7938, train_loss: 0.4498
Epoch: 12, train_acc: 0.8309, val_acc: 0.7938, train_loss: 0.4485
Epoch: 13, train_acc: 0.8309, val_acc: 0.7938, train_loss: 0.4478
Epoch: 14, train_acc: 0.8309, val_acc: 0.7938, train_loss: 0.4469
Epoch: 15, train_acc: 0.8309, val_acc: 0.7938, train_loss: 0.4472
Epoch: 16, train_acc: 0.8309, val_acc: 0.7938, train_loss: 0.4457
Epoch: 17, train_acc: 0.8309, val_acc: 0.7938, train_loss: 0.4482
Epoch: 18, train_acc: 0.8309, val_acc: 0.7938, train_loss: 0.4466
Epoch: 19, train_acc: 0.8309, val_acc: 0.7938, train_loss: 0.4444
Epoch: 20, train_acc: 0.8309, val_acc: 0.7938, train_loss: 0.4462
Epoch: 21, train_acc: 0.8309, val_acc: 0.7938, train_loss: 0.4421
Epoch: 22, train_acc: 0.8309, val_acc: 0.7938, train_loss: 0.4438
Epoch: 23, train_acc: 0.8309, val_acc: 0.7938, train_loss: 0.4431
Epoch: 24, train_acc: 0.8309, val_acc: 0.7938, train_loss: 0.4459
Epoch: 25, train_acc: 0.8309, val_acc: 0.7938, train_loss: 0.4452
Epoch: 26, train_acc: 0.8309, val_acc: 0.7938, train_loss: 0.4459
Epoch: 27, train_acc: 0.8309, val_acc: 0.7938, train_loss: 0.4448
Epoch: 28, train_acc: 0.8309, val_acc: 0.7938, train_loss: 0.4424
Epoch: 29, train_acc: 0.8309, val_acc: 0.7938, train_loss: 0.4398
Epoch: 30, train_acc: 0.8309, val_acc: 0.7938, train_loss: 0.4438
Epoch: 31, train_acc: 0.8309, val_acc: 0.7938, train_loss: 0.4415
Epoch: 32, train_acc: 0.8309, val_acc: 0.7938, train_loss: 0.4424
Epoch: 33, train_acc: 0.8309, val_acc: 0.7938, train_loss: 0.4433
Epoch: 34, train_acc: 0.8309, val_acc: 0.7938, train_loss: 0.4402
Epoch: 35, train_acc: 0.8309, val_acc: 0.7938, train_loss: 0.4430
Epoch: 36, train_acc: 0.8309, val_acc: 0.7938, train_loss: 0.4401
Epoch: 37, train_acc: 0.8309, val_acc: 0.7938, train_loss: 0.4404
Epoch: 38, train_acc: 0.8309, val_acc: 0.7938, train_loss: 0.4413
Epoch: 39, train_acc: 0.8309, val_acc: 0.7938, train_loss: 0.4406
Epoch: 40, train_acc: 0.8309, val_acc: 0.7938, train_loss: 0.4435
Epoch: 41, train_acc: 0.8309, val_acc: 0.7938, train_loss: 0.4410
Epoch: 42, train_acc: 0.8309, val_acc: 0.7938, train_loss: 0.4389
Epoch: 43, train_acc: 0.8309, val_acc: 0.7938, train_loss: 0.4382
Epoch: 44, train_acc: 0.8309, val_acc: 0.7938, train_loss: 0.4392
Epoch: 45, train_acc: 0.8309, val_acc: 0.7938, train_loss: 0.4400
Epoch: 46, train_acc: 0.8309, val_acc: 0.7938, train_loss: 0.4404
Epoch: 47, train_acc: 0.8309, val_acc: 0.7938, train_loss: 0.4398
Epoch: 48, train_acc: 0.8309, val_acc: 0.7938, train_loss: 0.4374
Epoch: 49, train_acc: 0.8309, val_acc: 0.7938, train_loss: 0.4416
Epoch: 50, train_acc: 0.8309, val_acc: 0.7938, train_loss: 0.4419
Epoch: 51, train_acc: 0.8309, val_acc: 0.7938, train_loss: 0.4381
Epoch: 52, train_acc: 0.8309, val_acc: 0.7938, train_loss: 0.4385
Epoch: 53, train_acc: 0.8309, val_acc: 0.7938, train_loss: 0.4396
Epoch: 54, train_acc: 0.8309, val_acc: 0.7938, train_loss: 0.4388
Epoch: 55, train_acc: 0.8309, val_acc: 0.7938, train_loss: 0.4394
Epoch: 56, train_acc: 0.8309, val_acc: 0.7938, train_loss: 0.4383
Epoch: 57, train_acc: 0.8309, val_acc: 0.7938, train_loss: 0.4401
Epoch: 58, train_acc: 0.8309, val_acc: 0.7938, train_loss: 0.4385
Epoch: 59, train_acc: 0.8309, val_acc: 0.7938, train_loss: 0.4387
Epoch: 60, train_acc: 0.8309, val_acc: 0.7938, train_loss: 0.4394
Epoch: 61, train_acc: 0.8309, val_acc: 0.7938, train_loss: 0.4383
Epoch: 62, train_acc: 0.8309, val_acc: 0.7938, train_loss: 0.4388
Epoch: 63, train_acc: 0.8309, val_acc: 0.7938, train_loss: 0.4424
Epoch: 64, train_acc: 0.8309, val_acc: 0.7938, train_loss: 0.4389
Epoch: 65, train_acc: 0.8309, val_acc: 0.7938, train_loss: 0.4371
Epoch: 66, train_acc: 0.8309, val_acc: 0.7938, train_loss: 0.4373
Epoch: 67, train_acc: 0.8309, val_acc: 0.7938, train_loss: 0.4384
Epoch: 68, train_acc: 0.8309, val_acc: 0.7938, train_loss: 0.4390
Epoch: 69, train_acc: 0.8309, val_acc: 0.7938, train_loss: 0.4377
Epoch: 70, train_acc: 0.8309, val_acc: 0.7938, train_loss: 0.4377
Epoch: 71, train_acc: 0.8309, val_acc: 0.7938, train_loss: 0.4377
Epoch: 72, train_acc: 0.8309, val_acc: 0.7938, train_loss: 0.4380
Epoch: 73, train_acc: 0.8309, val_acc: 0.7938, train_loss: 0.4381
Epoch: 74, train_acc: 0.8309, val_acc: 0.7938, train_loss: 0.4376
Epoch: 75, train_acc: 0.8309, val_acc: 0.7938, train_loss: 0.4369
Epoch: 76, train_acc: 0.8309, val_acc: 0.7938, train_loss: 0.4366
Epoch: 77, train_acc: 0.8309, val_acc: 0.7938, train_loss: 0.4378
Epoch: 78, train_acc: 0.8309, val_acc: 0.7938, train_loss: 0.4377
Epoch: 79, train_acc: 0.8309, val_acc: 0.7938, train_loss: 0.4376

Final test accuracy on gx_FC: 0.8143 (best epoch: 0, val: 0.7938)
  [ckpt] Saved -> checkpoints/aethelred_graph_GCN_clean/gx_FC/best_model  test_acc=0.8143
[aeth-faith] FC test_acc=0.8143
[aeth-faith] RESULT {
  "method": "Aethelred",
  "dataset": "FC",
  "task": "graph",
  "test_acc": 0.8143021464347839,
  "k": 12,
  "n_test": 80,
  "budgets": [
    0,
    1,
    2,
    3,
    4,
    6,
    8,
    10
  ],
  "faithfulness_precision_at_k": 0.278125,
  "faithfulness_recall_at_k": 0.772599206349206,
  "expl_stability_frac": {
    "0": 1.0,
    "1": 0.9166666666666664,
    "2": 0.8333333333333341,
    "3": 0.75,
    "4": 0.666666666666666,
    "6": 0.5,
    "8": 0.333333333333333,
    "10": 0.1666666666666665
  },
  "certified_faithfulness_recall": {
    "0": 0.772599206349206,
    "1": 0.7514087301587298,
    "2": 0.7180456349206347,
    "3": 0.6713690476190475,
    "4": 0.6324007936507935,
    "6": 0.5360218253968252,
    "8": 0.3881150793650793,
    "10": 0.18479166666666672
  }
}
[aeth-faith] saved -> results/phase2_aethelred_faith_FC.json
