/nas/home/jahin/.local/lib/python3.12/site-packages/torch/storage.py:414: FutureWarning: You are using `torch.load` with `weights_only=False` (the current default value), which uses the default pickle module implicitly. It is possible to construct malicious pickle data which will execute arbitrary code during unpickling (See https://github.com/pytorch/pytorch/blob/main/SECURITY.md#untrusted-models for more details). In a future release, the default value for `weights_only` will be flipped to `True`. This limits the functions that could be executed during unpickling. Arbitrary objects will no longer be allowed to be loaded via this mode unless they are explicitly allowlisted by the user via `torch.serialization.add_safe_globals`. We recommend you start setting `weights_only=True` for any use case where you don't have full control of the loaded file. Please open an issue on GitHub for any issues related to this experimental feature.
  return torch.load(io.BytesIO(b))
tensor([0])
tensor([[ 0,  0,  0,  0,  0,  0,  0,  0,  2,  2,  2,  2,  2,  2,  3],
        [ 1,  2,  3,  4,  5,  6,  7,  8,  9, 10, 11, 12, 13, 14, 15]])
tensor([[ 0.2572,  1.1144,  0.9147,  0.9419,  1.1130,  0.7532,  1.0337, -1.5867,
         -0.5720,  0.1795],
        [ 0.2132,  2.4048,  1.6009, -0.9216,  1.6915, -0.3866, -0.4357, -0.1536,
          3.1372, -0.5774],
        [-0.5436,  1.0165,  0.9765,  0.2776, -0.5469, -0.9589,  1.0857, -0.5459,
          1.9000, -0.8347],
        [ 0.1141,  1.9544,  1.9314,  0.0266, -1.2685, -0.8906, -0.1908,  1.2182,
          2.5700, -0.8324],
        [ 0.8186,  1.0636,  0.7764, -1.1275,  0.7747, -0.3364,  0.1654,  0.2372,
          0.6005, -1.1922],
        [ 0.6454,  0.9684,  1.6014,  0.7502, -1.4653,  0.3132,  0.6947, -1.3661,
         -0.7807,  0.2471],
        [ 1.3142,  1.1865,  0.7145,  0.0900,  0.0162, -0.1212,  0.2052,  0.9708,
          2.2042,  0.1861],
        [-1.0881,  1.3192,  1.8477,  0.3715,  0.0525,  0.4098,  0.0733, -0.3138,
          0.8483, -1.4373],
        [ 0.6363, -3.2118,  1.5223,  1.3601,  2.1034,  1.4803, -0.7779,  0.9026,
          1.7884,  0.5965],
        [ 1.7549, -1.6187,  1.4776, -0.0230,  0.7900, -0.2929,  1.2390, -0.0854,
         -0.6305, -0.4641],
        [-1.3812, -2.7477,  2.2783,  1.7428,  3.7432, -0.1031, -0.1846, -0.0906,
         -0.7603,  1.2507],
        [-1.6353, -0.4220,  0.9305,  0.3769,  1.1050, -0.0728, -0.5930,  0.0554,
          1.1124,  1.3089],
        [ 0.3026, -3.5322,  1.6987,  0.8856,  3.8203, -0.4766,  0.2966, -1.7164,
          0.4214,  0.1580],
        [ 1.6115, -1.8376,  1.2584, -0.2442,  1.7470,  1.4594, -0.6164,  1.1809,
          0.7269,  0.0573],
        [-2.5758, -0.2725,  0.0543, -2.0881,  0.2840,  0.0531, -0.8616, -0.0139,
          2.8643, -0.5951],
        [ 1.3184, -0.1711,  1.3767,  0.8700,  1.5647, -0.6850, -0.3455, -0.6600,
         -0.8554, -1.4404]])
tensor([0., 0., 0., 0., 0., 0., 0., 0., 0., 0., 0., 0., 0., 0., 0.],
       dtype=torch.float64)

12.755
14.067
589
[aeth-faith] BAWheel: N=1000 dim=10 classes=2 train=699 test=200
Epoch: 0, train_acc: 0.7196, val_acc: 1.0000, train_loss: 0.5774
Val improved
Epoch: 1, train_acc: 1.0000, val_acc: 1.0000, train_loss: 0.0964
Epoch: 2, train_acc: 1.0000, val_acc: 1.0000, train_loss: 0.0424
Epoch: 3, train_acc: 1.0000, val_acc: 1.0000, train_loss: 0.0297
Epoch: 4, train_acc: 1.0000, val_acc: 1.0000, train_loss: 0.0140
Epoch: 5, train_acc: 1.0000, val_acc: 1.0000, train_loss: 0.0079
Epoch: 6, train_acc: 1.0000, val_acc: 1.0000, train_loss: 0.0070
Epoch: 7, train_acc: 1.0000, val_acc: 1.0000, train_loss: 0.0064
Epoch: 8, train_acc: 1.0000, val_acc: 1.0000, train_loss: 0.0059
Epoch: 9, train_acc: 1.0000, val_acc: 1.0000, train_loss: 0.0057
Epoch: 10, train_acc: 1.0000, val_acc: 1.0000, train_loss: 0.0055
Epoch: 11, train_acc: 1.0000, val_acc: 1.0000, train_loss: 0.0054
Epoch: 12, train_acc: 0.9857, val_acc: 0.6436, train_loss: 0.0573
Epoch: 13, train_acc: 0.9485, val_acc: 1.0000, train_loss: 0.1878
Epoch: 14, train_acc: 1.0000, val_acc: 1.0000, train_loss: 0.0344
Epoch: 15, train_acc: 1.0000, val_acc: 1.0000, train_loss: 0.0282
Epoch: 16, train_acc: 1.0000, val_acc: 1.0000, train_loss: 0.0191
Epoch: 17, train_acc: 1.0000, val_acc: 1.0000, train_loss: 0.0086
Epoch: 18, train_acc: 1.0000, val_acc: 1.0000, train_loss: 0.0067
Epoch: 19, train_acc: 1.0000, val_acc: 1.0000, train_loss: 0.0060
Epoch: 20, train_acc: 1.0000, val_acc: 1.0000, train_loss: 0.0058
Epoch: 21, train_acc: 1.0000, val_acc: 1.0000, train_loss: 0.0056
Epoch: 22, train_acc: 1.0000, val_acc: 1.0000, train_loss: 0.0056
Epoch: 23, train_acc: 1.0000, val_acc: 1.0000, train_loss: 0.0055
Epoch: 24, train_acc: 1.0000, val_acc: 1.0000, train_loss: 0.0055
Epoch: 25, train_acc: 1.0000, val_acc: 1.0000, train_loss: 0.0054
Epoch: 26, train_acc: 1.0000, val_acc: 1.0000, train_loss: 0.0054
Epoch: 27, train_acc: 1.0000, val_acc: 1.0000, train_loss: 0.0053
Epoch: 28, train_acc: 1.0000, val_acc: 1.0000, train_loss: 0.0053
Epoch: 29, train_acc: 1.0000, val_acc: 1.0000, train_loss: 0.0053
Epoch: 30, train_acc: 1.0000, val_acc: 1.0000, train_loss: 0.0053
Epoch: 31, train_acc: 1.0000, val_acc: 1.0000, train_loss: 0.0053
Epoch: 32, train_acc: 1.0000, val_acc: 1.0000, train_loss: 0.0052
Epoch: 33, train_acc: 1.0000, val_acc: 1.0000, train_loss: 0.0052
Epoch: 34, train_acc: 1.0000, val_acc: 1.0000, train_loss: 0.0051
Epoch: 35, train_acc: 1.0000, val_acc: 1.0000, train_loss: 0.0051
Epoch: 36, train_acc: 1.0000, val_acc: 1.0000, train_loss: 0.0051
Epoch: 37, train_acc: 1.0000, val_acc: 1.0000, train_loss: 0.0052
Epoch: 38, train_acc: 1.0000, val_acc: 1.0000, train_loss: 0.0051
Epoch: 39, train_acc: 1.0000, val_acc: 1.0000, train_loss: 0.0050
Epoch: 40, train_acc: 1.0000, val_acc: 1.0000, train_loss: 0.0050
Epoch: 41, train_acc: 1.0000, val_acc: 1.0000, train_loss: 0.0051
Epoch: 42, train_acc: 1.0000, val_acc: 1.0000, train_loss: 0.0051
Epoch: 43, train_acc: 1.0000, val_acc: 1.0000, train_loss: 0.0051
Epoch: 44, train_acc: 1.0000, val_acc: 1.0000, train_loss: 0.0051
Epoch: 45, train_acc: 0.9614, val_acc: 1.0000, train_loss: 0.0896
Epoch: 46, train_acc: 1.0000, val_acc: 1.0000, train_loss: 0.0213
Epoch: 47, train_acc: 0.9986, val_acc: 1.0000, train_loss: 0.0300
Epoch: 48, train_acc: 1.0000, val_acc: 1.0000, train_loss: 0.0220
Epoch: 49, train_acc: 1.0000, val_acc: 1.0000, train_loss: 0.0198
Epoch: 50, train_acc: 1.0000, val_acc: 1.0000, train_loss: 0.0157
Epoch: 51, train_acc: 1.0000, val_acc: 1.0000, train_loss: 0.0098
Epoch: 52, train_acc: 1.0000, val_acc: 1.0000, train_loss: 0.0071
Epoch: 53, train_acc: 1.0000, val_acc: 1.0000, train_loss: 0.0062
Epoch: 54, train_acc: 1.0000, val_acc: 1.0000, train_loss: 0.0058
Epoch: 55, train_acc: 1.0000, val_acc: 1.0000, train_loss: 0.0056
Epoch: 56, train_acc: 1.0000, val_acc: 1.0000, train_loss: 0.0054
Epoch: 57, train_acc: 1.0000, val_acc: 1.0000, train_loss: 0.0053
Epoch: 58, train_acc: 1.0000, val_acc: 1.0000, train_loss: 0.0052
Epoch: 59, train_acc: 1.0000, val_acc: 1.0000, train_loss: 0.0052

Final test accuracy on gx_BAWheel: 1.0000 (best epoch: 0, val: 1.0000)
  [ckpt] Saved -> checkpoints/aethelred_graph_GCN_clean/gx_BAWheel/best_model  test_acc=1.0000
[aeth-faith] BAWheel test_acc=1.0000
[aeth-faith] RESULT {
  "method": "Aethelred",
  "dataset": "BAWheel",
  "task": "graph",
  "test_acc": 1.0,
  "k": 6,
  "n_test": 80,
  "budgets": [
    0,
    1,
    2,
    3,
    4,
    6,
    8,
    10
  ],
  "faithfulness_precision_at_k": 0.4,
  "faithfulness_recall_at_k": 0.3,
  "expl_stability_frac": {
    "0": 1.0,
    "1": 0.8333333333333341,
    "2": 0.666666666666666,
    "3": 0.5,
    "4": 0.333333333333333,
    "6": 0.0,
    "8": 0.0,
    "10": 0.0
  },
  "certified_faithfulness_recall": {
    "0": 0.3,
    "1": 0.2609375,
    "2": 0.209375,
    "3": 0.1890625,
    "4": 0.13125,
    "6": 0.0,
    "8": 0.0,
    "10": 0.0
  }
}
[aeth-faith] saved -> results/phase2_aethelred_faith_BAWheel.json
