/nas/home/jahin/.local/lib/python3.12/site-packages/torch/storage.py:414: FutureWarning: You are using `torch.load` with `weights_only=False` (the current default value), which uses the default pickle module implicitly. It is possible to construct malicious pickle data which will execute arbitrary code during unpickling (See https://github.com/pytorch/pytorch/blob/main/SECURITY.md#untrusted-models for more details). In a future release, the default value for `weights_only` will be flipped to `True`. This limits the functions that could be executed during unpickling. Arbitrary objects will no longer be allowed to be loaded via this mode unless they are explicitly allowlisted by the user via `torch.serialization.add_safe_globals`. We recommend you start setting `weights_only=True` for any use case where you don't have full control of the loaded file. Please open an issue on GitHub for any issues related to this experimental feature.
  return torch.load(io.BytesIO(b))
tensor([0])
tensor([[ 0,  0,  0,  0,  0,  0,  0,  0,  0,  0,  0,  1,  1,  1,  2,  3,  3,  4,
          4],
        [ 1,  2,  3,  4,  5,  6,  7,  8,  9, 10, 11, 12, 13, 14, 15, 16, 17, 18,
         19]])
tensor([[ 3.6983, -0.1908, -0.9589,  0.5776,  0.0266,  2.5332, -0.5459,  0.1141,
         -0.8324, -2.5840],
        [ 1.1836,  0.1654, -0.8906,  2.8183, -1.1275,  3.7572,  1.2182,  0.8186,
         -1.1922, -0.9131],
        [ 1.2925,  0.6947, -0.3364,  1.4569,  0.7502,  0.6135,  0.2372,  0.6454,
          0.2471, -1.1663],
        [-1.5917,  0.2052,  0.3132,  1.6434,  0.0900,  0.9743, -1.3661,  1.3142,
          0.1861,  0.4682],
        [ 3.1669,  0.0733, -0.1212,  1.1899,  0.3715,  2.2130,  0.9708, -1.0881,
         -1.4373, -2.2028],
        [ 0.6426, -0.7779,  0.4098, -0.5074,  1.3601, -0.4618, -0.3138,  0.6363,
          0.5965, -1.1055],
        [ 1.7449,  1.2390,  1.4803,  2.0767, -0.0230,  2.2136,  0.9026,  1.7549,
         -0.4641, -1.2443],
        [ 1.3531, -0.1846, -0.2929,  0.3514,  1.7428, -0.8624, -0.0854, -1.3812,
          1.2507, -1.5528],
        [ 2.1034, -0.5930, -0.1031,  2.7153,  0.3769,  1.7884, -0.0906, -1.6353,
          1.3089, -1.2739],
        [ 0.7900,  0.2966, -0.0728,  0.4998,  0.8856, -0.6305,  0.0554,  0.3026,
          0.1580, -1.2848],
        [ 0.0060, -0.6164, -0.4766, -2.3390, -0.2442, -1.0230, -1.7164,  1.6115,
          0.0573,  2.4535],
        [ 1.3261, -0.8616,  1.4594,  1.2848, -2.0881, -0.5842,  1.1809, -2.5758,
         -0.5951,  1.2489],
        [-1.0003, -0.3455,  0.0531, -1.3031,  0.8700, -1.9459, -0.0139,  1.3184,
         -1.4404,  1.8370],
        [ 0.4100, -0.7359, -0.6850,  0.1995, -0.1386, -1.3317, -0.6600,  0.7337,
          1.2438,  1.1946],
        [ 1.0544, -0.9137,  0.6279,  3.4677, -1.4490, -1.1154, -0.1796,  0.2216,
         -0.8875,  0.3160],
        [ 1.4170, -0.2383, -0.1409, -0.6850,  0.0606, -0.2181, -0.3067,  0.8086,
         -0.4411,  2.1236],
        [ 1.7201,  0.0740,  1.5415, -1.1271, -0.5218, -0.5660,  0.3769,  0.5262,
         -1.0490,  1.3661],
        [-0.1842,  2.0677,  1.2589, -1.0117,  0.8887, -1.6597,  0.4756,  0.7801,
         -1.0878,  1.5439],
        [ 2.0949,  0.9278,  0.3712,  0.9901,  1.0988, -0.1539,  0.4595, -0.0893,
          1.1528,  1.3852],
        [ 0.8189, -2.4483,  1.2242,  0.4709,  0.4219, -0.9130, -1.2382, -0.4451,
          0.0729,  1.4342]])
tensor([0., 0., 0., 0., 0., 0., 0., 0., 0., 0., 0., 0., 0., 0., 0., 0., 0., 0., 0.],
       dtype=torch.float64)

10.4595
14.032
486
[aeth-faith] BADiamond: N=1000 dim=10 classes=2 train=699 test=200
Epoch: 0, train_acc: 0.8712, val_acc: 1.0000, train_loss: 0.3463
Val improved
Epoch: 1, train_acc: 1.0000, val_acc: 1.0000, train_loss: 0.0291
Epoch: 2, train_acc: 1.0000, val_acc: 1.0000, train_loss: 0.0149
Epoch: 3, train_acc: 1.0000, val_acc: 1.0000, train_loss: 0.0058
Epoch: 4, train_acc: 1.0000, val_acc: 1.0000, train_loss: 0.0052
Epoch: 5, train_acc: 1.0000, val_acc: 1.0000, train_loss: 0.0048
Epoch: 6, train_acc: 1.0000, val_acc: 1.0000, train_loss: 0.0047
Epoch: 7, train_acc: 1.0000, val_acc: 1.0000, train_loss: 0.0046
Epoch: 8, train_acc: 1.0000, val_acc: 1.0000, train_loss: 0.0044
Epoch: 9, train_acc: 1.0000, val_acc: 1.0000, train_loss: 0.0043
Epoch: 10, train_acc: 1.0000, val_acc: 1.0000, train_loss: 0.0043
Epoch: 11, train_acc: 1.0000, val_acc: 1.0000, train_loss: 0.0043
Epoch: 12, train_acc: 1.0000, val_acc: 1.0000, train_loss: 0.0043
Epoch: 13, train_acc: 1.0000, val_acc: 1.0000, train_loss: 0.0043
Epoch: 14, train_acc: 1.0000, val_acc: 1.0000, train_loss: 0.0044
Epoch: 15, train_acc: 1.0000, val_acc: 1.0000, train_loss: 0.0044
Epoch: 16, train_acc: 0.9585, val_acc: 1.0000, train_loss: 0.2508
Epoch: 17, train_acc: 0.9170, val_acc: 1.0000, train_loss: 0.2026
Epoch: 18, train_acc: 1.0000, val_acc: 1.0000, train_loss: 0.0117
Epoch: 19, train_acc: 1.0000, val_acc: 1.0000, train_loss: 0.0041
Epoch: 20, train_acc: 1.0000, val_acc: 1.0000, train_loss: 0.0040
Epoch: 21, train_acc: 1.0000, val_acc: 1.0000, train_loss: 0.0038
Epoch: 22, train_acc: 1.0000, val_acc: 1.0000, train_loss: 0.0042
Epoch: 23, train_acc: 1.0000, val_acc: 1.0000, train_loss: 0.0043
Epoch: 24, train_acc: 1.0000, val_acc: 1.0000, train_loss: 0.0043
Epoch: 25, train_acc: 1.0000, val_acc: 1.0000, train_loss: 0.0043
Epoch: 26, train_acc: 1.0000, val_acc: 1.0000, train_loss: 0.0044
Epoch: 27, train_acc: 1.0000, val_acc: 1.0000, train_loss: 0.0044
Epoch: 28, train_acc: 1.0000, val_acc: 1.0000, train_loss: 0.0044
Epoch: 29, train_acc: 1.0000, val_acc: 1.0000, train_loss: 0.0044
Epoch: 30, train_acc: 1.0000, val_acc: 1.0000, train_loss: 0.0044
Epoch: 31, train_acc: 1.0000, val_acc: 1.0000, train_loss: 0.0044
Epoch: 32, train_acc: 1.0000, val_acc: 1.0000, train_loss: 0.0044
Epoch: 33, train_acc: 1.0000, val_acc: 1.0000, train_loss: 0.0044
Epoch: 34, train_acc: 1.0000, val_acc: 1.0000, train_loss: 0.0045
Epoch: 35, train_acc: 1.0000, val_acc: 1.0000, train_loss: 0.0044
Epoch: 36, train_acc: 1.0000, val_acc: 1.0000, train_loss: 0.0045
Epoch: 37, train_acc: 1.0000, val_acc: 1.0000, train_loss: 0.0045
Epoch: 38, train_acc: 1.0000, val_acc: 1.0000, train_loss: 0.0045
Epoch: 39, train_acc: 1.0000, val_acc: 1.0000, train_loss: 0.0045
Epoch: 40, train_acc: 1.0000, val_acc: 1.0000, train_loss: 0.0046
Epoch: 41, train_acc: 1.0000, val_acc: 1.0000, train_loss: 0.0045
Epoch: 42, train_acc: 1.0000, val_acc: 1.0000, train_loss: 0.0045
Epoch: 43, train_acc: 1.0000, val_acc: 1.0000, train_loss: 0.0045
Epoch: 44, train_acc: 1.0000, val_acc: 1.0000, train_loss: 0.0046
Epoch: 45, train_acc: 1.0000, val_acc: 1.0000, train_loss: 0.0046
Epoch: 46, train_acc: 1.0000, val_acc: 1.0000, train_loss: 0.0046
Epoch: 47, train_acc: 1.0000, val_acc: 1.0000, train_loss: 0.0047
Epoch: 48, train_acc: 1.0000, val_acc: 1.0000, train_loss: 0.0046
Epoch: 49, train_acc: 1.0000, val_acc: 1.0000, train_loss: 0.0046
Epoch: 50, train_acc: 1.0000, val_acc: 1.0000, train_loss: 0.0046
Epoch: 51, train_acc: 1.0000, val_acc: 1.0000, train_loss: 0.0047
Epoch: 52, train_acc: 1.0000, val_acc: 1.0000, train_loss: 0.0047
Epoch: 53, train_acc: 1.0000, val_acc: 1.0000, train_loss: 0.0047
Epoch: 54, train_acc: 1.0000, val_acc: 1.0000, train_loss: 0.0047
Epoch: 55, train_acc: 1.0000, val_acc: 1.0000, train_loss: 0.0047
Epoch: 56, train_acc: 1.0000, val_acc: 1.0000, train_loss: 0.0047
Epoch: 57, train_acc: 1.0000, val_acc: 1.0000, train_loss: 0.0047
Epoch: 58, train_acc: 1.0000, val_acc: 1.0000, train_loss: 0.0048
Epoch: 59, train_acc: 1.0000, val_acc: 1.0000, train_loss: 0.0048

Final test accuracy on gx_BADiamond: 1.0000 (best epoch: 0, val: 1.0000)
  [ckpt] Saved -> checkpoints/aethelred_graph_GCN_clean/gx_BADiamond/best_model  test_acc=1.0000
[aeth-faith] BADiamond test_acc=1.0000
[aeth-faith] RESULT {
  "method": "Aethelred",
  "dataset": "BADiamond",
  "task": "graph",
  "test_acc": 1.0,
  "k": 6,
  "n_test": 80,
  "budgets": [
    0,
    1,
    2,
    3,
    4,
    6,
    8,
    10
  ],
  "faithfulness_precision_at_k": 0.43125,
  "faithfulness_recall_at_k": 0.5175000000000003,
  "expl_stability_frac": {
    "0": 1.0,
    "1": 0.8333333333333341,
    "2": 0.666666666666666,
    "3": 0.5,
    "4": 0.333333333333333,
    "6": 0.0,
    "8": 0.0,
    "10": 0.0
  },
  "certified_faithfulness_recall": {
    "0": 0.5175000000000003,
    "1": 0.41999999999999976,
    "2": 0.3549999999999996,
    "3": 0.29249999999999976,
    "4": 0.12999999999999995,
    "6": 0.0,
    "8": 0.0,
    "10": 0.0
  }
}
[aeth-faith] saved -> results/phase2_aethelred_faith_BADiamond.json
