[certcurves] training Aethelred(GCN, robust=1) on DD ...
Epoch: 0, train_acc: 0.5697, val_acc: 0.5872, train_loss: 0.7142
Val improved
Epoch: 1, train_acc: 0.5901, val_acc: 0.5872, train_loss: 0.6926
Epoch: 2, train_acc: 0.5884, val_acc: 0.5872, train_loss: 0.6694
Epoch: 3, train_acc: 0.6259, val_acc: 0.5872, train_loss: 0.6576
Epoch: 4, train_acc: 0.6514, val_acc: 0.6298, train_loss: 0.6292
Val improved
Epoch: 5, train_acc: 0.6752, val_acc: 0.5745, train_loss: 0.6600
Epoch: 6, train_acc: 0.7024, val_acc: 0.7191, train_loss: 0.5844
Val improved
Epoch: 7, train_acc: 0.7551, val_acc: 0.7489, train_loss: 0.5385
Val improved
Epoch: 8, train_acc: 0.7959, val_acc: 0.7149, train_loss: 0.4863
Epoch: 9, train_acc: 0.8112, val_acc: 0.7872, train_loss: 0.4479
Val improved
Epoch: 10, train_acc: 0.8129, val_acc: 0.7234, train_loss: 0.4449
Epoch: 11, train_acc: 0.7823, val_acc: 0.7447, train_loss: 0.4596
Epoch: 12, train_acc: 0.8367, val_acc: 0.6681, train_loss: 0.3971
Epoch: 13, train_acc: 0.8401, val_acc: 0.7702, train_loss: 0.3973
Epoch: 14, train_acc: 0.8827, val_acc: 0.8000, train_loss: 0.3175
Val improved
Epoch: 15, train_acc: 0.8146, val_acc: 0.7915, train_loss: 0.4275
Epoch: 16, train_acc: 0.8878, val_acc: 0.7745, train_loss: 0.3122
Epoch: 17, train_acc: 0.9303, val_acc: 0.7745, train_loss: 0.2411
Epoch: 18, train_acc: 0.9065, val_acc: 0.7617, train_loss: 0.2700
Epoch: 19, train_acc: 0.9269, val_acc: 0.7787, train_loss: 0.2135
Epoch: 20, train_acc: 0.9405, val_acc: 0.6851, train_loss: 0.1922
Epoch: 21, train_acc: 0.9558, val_acc: 0.7787, train_loss: 0.1653
Epoch: 22, train_acc: 0.9643, val_acc: 0.7702, train_loss: 0.1331
Epoch: 23, train_acc: 0.9813, val_acc: 0.7745, train_loss: 0.1103
Epoch: 24, train_acc: 0.9711, val_acc: 0.7702, train_loss: 0.1096
Epoch: 25, train_acc: 0.9711, val_acc: 0.6936, train_loss: 0.1318
Epoch: 26, train_acc: 0.9354, val_acc: 0.7447, train_loss: 0.1768
Epoch: 27, train_acc: 0.9558, val_acc: 0.6511, train_loss: 0.1367
Epoch: 28, train_acc: 0.9796, val_acc: 0.7149, train_loss: 0.0943
Epoch: 29, train_acc: 0.9660, val_acc: 0.7660, train_loss: 0.1172
Epoch: 30, train_acc: 0.9949, val_acc: 0.7660, train_loss: 0.0629
Epoch: 31, train_acc: 0.9983, val_acc: 0.7574, train_loss: 0.0499
Epoch: 32, train_acc: 0.9983, val_acc: 0.7745, train_loss: 0.0462
Epoch: 33, train_acc: 1.0000, val_acc: 0.7149, train_loss: 0.0355
Epoch: 34, train_acc: 0.9966, val_acc: 0.7617, train_loss: 0.0443
Epoch: 35, train_acc: 1.0000, val_acc: 0.7660, train_loss: 0.0379
Epoch: 36, train_acc: 1.0000, val_acc: 0.7362, train_loss: 0.0311
Epoch: 37, train_acc: 1.0000, val_acc: 0.7745, train_loss: 0.0312
Epoch: 38, train_acc: 1.0000, val_acc: 0.7660, train_loss: 0.0289
Epoch: 39, train_acc: 1.0000, val_acc: 0.6851, train_loss: 0.0259
Epoch: 40, train_acc: 0.9881, val_acc: 0.7702, train_loss: 0.0811
Epoch: 41, train_acc: 1.0000, val_acc: 0.7745, train_loss: 0.0392
Epoch: 42, train_acc: 1.0000, val_acc: 0.7574, train_loss: 0.0286
Epoch: 43, train_acc: 0.9983, val_acc: 0.7106, train_loss: 0.0361
Epoch: 44, train_acc: 1.0000, val_acc: 0.7489, train_loss: 0.0331
Epoch: 45, train_acc: 1.0000, val_acc: 0.7447, train_loss: 0.0396
Epoch: 46, train_acc: 0.9983, val_acc: 0.7149, train_loss: 0.0317
Epoch: 47, train_acc: 1.0000, val_acc: 0.7447, train_loss: 0.0293
Epoch: 48, train_acc: 1.0000, val_acc: 0.7532, train_loss: 0.0261
Epoch: 49, train_acc: 1.0000, val_acc: 0.7404, train_loss: 0.0293
Epoch: 50, train_acc: 1.0000, val_acc: 0.7489, train_loss: 0.0270
Epoch: 51, train_acc: 1.0000, val_acc: 0.7362, train_loss: 0.0241
Epoch: 52, train_acc: 1.0000, val_acc: 0.7319, train_loss: 0.0222
Epoch: 53, train_acc: 1.0000, val_acc: 0.7404, train_loss: 0.0216
Epoch: 54, train_acc: 1.0000, val_acc: 0.7404, train_loss: 0.0173
Epoch: 55, train_acc: 1.0000, val_acc: 0.7064, train_loss: 0.0169
Epoch: 56, train_acc: 0.9966, val_acc: 0.7660, train_loss: 0.0337
Epoch: 57, train_acc: 0.9966, val_acc: 0.7234, train_loss: 0.0361
Epoch: 58, train_acc: 1.0000, val_acc: 0.7489, train_loss: 0.0283
Epoch: 59, train_acc: 1.0000, val_acc: 0.7234, train_loss: 0.0225
Epoch: 60, train_acc: 1.0000, val_acc: 0.7404, train_loss: 0.0250
Epoch: 61, train_acc: 1.0000, val_acc: 0.6723, train_loss: 0.0213
Epoch: 62, train_acc: 0.9728, val_acc: 0.7404, train_loss: 0.1038
Epoch: 63, train_acc: 1.0000, val_acc: 0.7745, train_loss: 0.0353
Epoch: 64, train_acc: 1.0000, val_acc: 0.7404, train_loss: 0.0276
Epoch: 65, train_acc: 1.0000, val_acc: 0.7404, train_loss: 0.0244
Epoch: 66, train_acc: 1.0000, val_acc: 0.7532, train_loss: 0.0223
Epoch: 67, train_acc: 0.9983, val_acc: 0.7447, train_loss: 0.0244
Epoch: 68, train_acc: 0.9983, val_acc: 0.7489, train_loss: 0.0250
Epoch: 69, train_acc: 0.9966, val_acc: 0.7362, train_loss: 0.0344
Epoch: 70, train_acc: 0.9983, val_acc: 0.7617, train_loss: 0.0282
Epoch: 71, train_acc: 1.0000, val_acc: 0.7447, train_loss: 0.0206
Epoch: 72, train_acc: 1.0000, val_acc: 0.7021, train_loss: 0.0174
Epoch: 73, train_acc: 1.0000, val_acc: 0.7234, train_loss: 0.0258
Epoch: 74, train_acc: 1.0000, val_acc: 0.7489, train_loss: 0.0342
Epoch: 75, train_acc: 1.0000, val_acc: 0.7532, train_loss: 0.0230
Epoch: 76, train_acc: 1.0000, val_acc: 0.7191, train_loss: 0.0188
Epoch: 77, train_acc: 0.9813, val_acc: 0.7489, train_loss: 0.0717
Epoch: 78, train_acc: 1.0000, val_acc: 0.7191, train_loss: 0.0265
Epoch: 79, train_acc: 0.9983, val_acc: 0.7234, train_loss: 0.0304
Epoch: 80, train_acc: 0.9983, val_acc: 0.7191, train_loss: 0.0323
Epoch: 81, train_acc: 1.0000, val_acc: 0.7191, train_loss: 0.0201
Epoch: 82, train_acc: 1.0000, val_acc: 0.7319, train_loss: 0.0164
Epoch: 83, train_acc: 1.0000, val_acc: 0.7702, train_loss: 0.0146
Epoch: 84, train_acc: 0.9932, val_acc: 0.7277, train_loss: 0.0297
Epoch: 85, train_acc: 1.0000, val_acc: 0.7702, train_loss: 0.0255
Epoch: 86, train_acc: 1.0000, val_acc: 0.7021, train_loss: 0.0178
Epoch: 87, train_acc: 1.0000, val_acc: 0.7362, train_loss: 0.0250
Epoch: 88, train_acc: 0.9966, val_acc: 0.7234, train_loss: 0.0237
Epoch: 89, train_acc: 1.0000, val_acc: 0.7234, train_loss: 0.0180
Epoch: 90, train_acc: 1.0000, val_acc: 0.7532, train_loss: 0.0256
Epoch: 91, train_acc: 1.0000, val_acc: 0.7404, train_loss: 0.0241
Epoch: 92, train_acc: 0.9983, val_acc: 0.7362, train_loss: 0.0294
Epoch: 93, train_acc: 1.0000, val_acc: 0.7404, train_loss: 0.0193
Epoch: 94, train_acc: 1.0000, val_acc: 0.7489, train_loss: 0.0172
Epoch: 95, train_acc: 1.0000, val_acc: 0.7404, train_loss: 0.0137
  Early stopping at epoch 95

Final test accuracy on DD: 0.7718 (best epoch: 14, val: 0.8000)
  [ckpt] Saved -> checkpoints/aethelred_graph_GCN_robust/DD/best_model  test_acc=0.7718
[certcurves] DD clean test_acc=0.7718
[certcurves] pred-cert: {'0': 0.4169014084507042, '1': 0.4140845070422535, '2': 0.4112676056338028, '3': 0.4112676056338028, '5': 0.4112676056338028, '10': 0.4056338028169014, '15': 0.3971830985915493, '20': 0.37746478873239436, '25': 0.0, '30': 0.0}
[certcurves] expl-cert: {'0': 1.0, '1': 0.9900928132682622, '2': 0.9801856265365224, '3': 0.9702784398047837, '4': 0.9603712530730454, '6': 0.9405568796095682, '8': 0.9207425061460912, '10': 0.9009281326826142}
[certcurves] DONE DD
