[aeth-faith] Benzene: N=12000 dim=14 classes=2 train=8399 test=2400
Epoch: 0, train_acc: 0.7468, val_acc: 0.7993, train_loss: 0.5170
Val improved
Epoch: 1, train_acc: 0.8110, val_acc: 0.7968, train_loss: 0.4325
Epoch: 2, train_acc: 0.8109, val_acc: 0.7968, train_loss: 0.4260
Epoch: 3, train_acc: 0.8245, val_acc: 0.8251, train_loss: 0.4144
Val improved
Epoch: 4, train_acc: 0.8259, val_acc: 0.8251, train_loss: 0.4078
Epoch: 5, train_acc: 0.8280, val_acc: 0.8285, train_loss: 0.4062
Val improved
Epoch: 6, train_acc: 0.8288, val_acc: 0.8368, train_loss: 0.4015
Val improved
Epoch: 7, train_acc: 0.8362, val_acc: 0.8168, train_loss: 0.3930
Epoch: 8, train_acc: 0.8374, val_acc: 0.8468, train_loss: 0.3867
Val improved
Epoch: 9, train_acc: 0.8450, val_acc: 0.8110, train_loss: 0.3778
Epoch: 10, train_acc: 0.8415, val_acc: 0.8235, train_loss: 0.3787
Epoch: 11, train_acc: 0.8412, val_acc: 0.8468, train_loss: 0.3850
Epoch: 12, train_acc: 0.8509, val_acc: 0.8585, train_loss: 0.3626
Val improved
Epoch: 13, train_acc: 0.8508, val_acc: 0.8318, train_loss: 0.3664
Epoch: 14, train_acc: 0.8496, val_acc: 0.7977, train_loss: 0.3604
Epoch: 15, train_acc: 0.8449, val_acc: 0.8285, train_loss: 0.3753
Epoch: 16, train_acc: 0.8537, val_acc: 0.8601, train_loss: 0.3650
Val improved
Epoch: 17, train_acc: 0.8565, val_acc: 0.8293, train_loss: 0.3627
Epoch: 18, train_acc: 0.8521, val_acc: 0.8476, train_loss: 0.3536
Epoch: 19, train_acc: 0.8437, val_acc: 0.7710, train_loss: 0.3734
Epoch: 20, train_acc: 0.8522, val_acc: 0.8684, train_loss: 0.3663
Val improved
Epoch: 21, train_acc: 0.8661, val_acc: 0.8585, train_loss: 0.3375
Epoch: 22, train_acc: 0.8507, val_acc: 0.8784, train_loss: 0.3616
Val improved
Epoch: 23, train_acc: 0.8505, val_acc: 0.8568, train_loss: 0.3579
Epoch: 24, train_acc: 0.8676, val_acc: 0.8843, train_loss: 0.3348
Val improved
Epoch: 25, train_acc: 0.8631, val_acc: 0.8859, train_loss: 0.3363
Val improved
Epoch: 26, train_acc: 0.8695, val_acc: 0.8485, train_loss: 0.3373
Epoch: 27, train_acc: 0.8564, val_acc: 0.8834, train_loss: 0.3518
Epoch: 28, train_acc: 0.8724, val_acc: 0.8684, train_loss: 0.3284
Epoch: 29, train_acc: 0.8618, val_acc: 0.8684, train_loss: 0.3425
Epoch: 30, train_acc: 0.8668, val_acc: 0.8818, train_loss: 0.3367
Epoch: 31, train_acc: 0.8619, val_acc: 0.8676, train_loss: 0.3472
Epoch: 32, train_acc: 0.8605, val_acc: 0.8859, train_loss: 0.3590
Epoch: 33, train_acc: 0.8631, val_acc: 0.7918, train_loss: 0.3517
Epoch: 34, train_acc: 0.8696, val_acc: 0.8884, train_loss: 0.3350
Val improved
Epoch: 35, train_acc: 0.8728, val_acc: 0.8235, train_loss: 0.3338
Epoch: 36, train_acc: 0.8611, val_acc: 0.8776, train_loss: 0.3530
Epoch: 37, train_acc: 0.8797, val_acc: 0.8643, train_loss: 0.3123
Epoch: 38, train_acc: 0.8599, val_acc: 0.7769, train_loss: 0.3496
Epoch: 39, train_acc: 0.8568, val_acc: 0.8851, train_loss: 0.3572
Epoch: 40, train_acc: 0.8680, val_acc: 0.8909, train_loss: 0.3280
Val improved
Epoch: 41, train_acc: 0.8619, val_acc: 0.8751, train_loss: 0.3446
Epoch: 42, train_acc: 0.8630, val_acc: 0.7469, train_loss: 0.3377
Epoch: 43, train_acc: 0.8511, val_acc: 0.8893, train_loss: 0.3631
Epoch: 44, train_acc: 0.8670, val_acc: 0.8701, train_loss: 0.3279
Epoch: 45, train_acc: 0.8656, val_acc: 0.8560, train_loss: 0.3326
Epoch: 46, train_acc: 0.8712, val_acc: 0.7985, train_loss: 0.3305
Epoch: 47, train_acc: 0.8525, val_acc: 0.8951, train_loss: 0.3602
Val improved
Epoch: 48, train_acc: 0.8727, val_acc: 0.7810, train_loss: 0.3247
Epoch: 49, train_acc: 0.8672, val_acc: 0.8035, train_loss: 0.3371
Epoch: 50, train_acc: 0.8792, val_acc: 0.8834, train_loss: 0.3110
Epoch: 51, train_acc: 0.8639, val_acc: 0.8743, train_loss: 0.3364
Epoch: 52, train_acc: 0.8674, val_acc: 0.8993, train_loss: 0.3330
Val improved
Epoch: 53, train_acc: 0.8731, val_acc: 0.8943, train_loss: 0.3203
Epoch: 54, train_acc: 0.8695, val_acc: 0.8776, train_loss: 0.3304
Epoch: 55, train_acc: 0.8606, val_acc: 0.8876, train_loss: 0.3503
Epoch: 56, train_acc: 0.8724, val_acc: 0.8293, train_loss: 0.3225
Epoch: 57, train_acc: 0.8615, val_acc: 0.8834, train_loss: 0.3461
Epoch: 58, train_acc: 0.8743, val_acc: 0.8743, train_loss: 0.3166
Epoch: 59, train_acc: 0.8646, val_acc: 0.8843, train_loss: 0.3353
Epoch: 60, train_acc: 0.8731, val_acc: 0.8901, train_loss: 0.3315
Epoch: 61, train_acc: 0.8803, val_acc: 0.7319, train_loss: 0.3138
Epoch: 62, train_acc: 0.8762, val_acc: 0.8560, train_loss: 0.3177
Epoch: 63, train_acc: 0.8732, val_acc: 0.8926, train_loss: 0.3313
Epoch: 64, train_acc: 0.8736, val_acc: 0.8851, train_loss: 0.3243
Epoch: 65, train_acc: 0.8772, val_acc: 0.8893, train_loss: 0.3127
Epoch: 66, train_acc: 0.8649, val_acc: 0.8385, train_loss: 0.3341
Epoch: 67, train_acc: 0.8724, val_acc: 0.8734, train_loss: 0.3236
Epoch: 68, train_acc: 0.8758, val_acc: 0.8968, train_loss: 0.3296
Epoch: 69, train_acc: 0.8689, val_acc: 0.8435, train_loss: 0.3328
Epoch: 70, train_acc: 0.8749, val_acc: 0.8709, train_loss: 0.3163
Epoch: 71, train_acc: 0.8662, val_acc: 0.8701, train_loss: 0.3346
Epoch: 72, train_acc: 0.8639, val_acc: 0.8909, train_loss: 0.3473
Epoch: 73, train_acc: 0.8720, val_acc: 0.8834, train_loss: 0.3322
Epoch: 74, train_acc: 0.8656, val_acc: 0.8901, train_loss: 0.3351
Epoch: 75, train_acc: 0.8738, val_acc: 0.8893, train_loss: 0.3214
Epoch: 76, train_acc: 0.8803, val_acc: 0.8393, train_loss: 0.3126
Epoch: 77, train_acc: 0.8665, val_acc: 0.8793, train_loss: 0.3293
Epoch: 78, train_acc: 0.8795, val_acc: 0.8968, train_loss: 0.3060
Epoch: 79, train_acc: 0.8715, val_acc: 0.8493, train_loss: 0.3304

Final test accuracy on gx_Benzene: 0.8858 (best epoch: 52, val: 0.8993)
  [ckpt] Saved -> checkpoints/aethelred_graph_GCN_clean/gx_Benzene/best_model  test_acc=0.8858
[aeth-faith] Benzene test_acc=0.8858
[aeth-faith] RESULT {
  "method": "Aethelred",
  "dataset": "Benzene",
  "task": "graph",
  "test_acc": 0.8858333826065063,
  "k": 12,
  "n_test": 80,
  "budgets": [
    0,
    1,
    2,
    3,
    4,
    6,
    8,
    10
  ],
  "faithfulness_precision_at_k": 0.5172348484848486,
  "faithfulness_recall_at_k": 0.8214010866584396,
  "expl_stability_frac": {
    "0": 1.0,
    "1": 0.9165719696969695,
    "2": 0.8331439393939402,
    "3": 0.7497159090909091,
    "4": 0.6662878787878781,
    "6": 0.49943181818181814,
    "8": 0.33257575757575725,
    "10": 0.1657196969696968
  },
  "certified_faithfulness_recall": {
    "0": 0.8214010866584396,
    "1": 0.7747600438776908,
    "2": 0.716930189908131,
    "3": 0.6619558137940491,
    "4": 0.6108417317976141,
    "6": 0.4293676299191005,
    "8": 0.27856763334704515,
    "10": 0.16407214109419987
  }
}
[aeth-faith] saved -> results/phase2_aethelred_faith_Benzene.json
