[certcurves] training Aethelred(GCN, robust=1) on MUTAG ...
Epoch: 0, train_acc: 0.6989, val_acc: 0.6757, train_loss: 0.6824
Val improved
Epoch: 1, train_acc: 0.6667, val_acc: 0.6757, train_loss: 0.7060
Epoch: 2, train_acc: 0.6667, val_acc: 0.6757, train_loss: 0.6535
Epoch: 3, train_acc: 0.6667, val_acc: 0.6757, train_loss: 0.8229
Epoch: 4, train_acc: 0.6667, val_acc: 0.6757, train_loss: 0.6345
Epoch: 5, train_acc: 0.6667, val_acc: 0.6757, train_loss: 0.6185
Epoch: 6, train_acc: 0.6667, val_acc: 0.6757, train_loss: 0.7360
Epoch: 7, train_acc: 0.7312, val_acc: 0.7027, train_loss: 0.5939
Val improved
Epoch: 8, train_acc: 0.7742, val_acc: 0.7027, train_loss: 0.5513
Epoch: 9, train_acc: 0.7419, val_acc: 0.7027, train_loss: 0.5410
Epoch: 10, train_acc: 0.7527, val_acc: 0.6757, train_loss: 0.5458
Epoch: 11, train_acc: 0.7634, val_acc: 0.6757, train_loss: 0.5041
Epoch: 12, train_acc: 0.7634, val_acc: 0.6757, train_loss: 0.5076
Epoch: 13, train_acc: 0.7527, val_acc: 0.6757, train_loss: 0.4986
Epoch: 14, train_acc: 0.7957, val_acc: 0.6757, train_loss: 0.5340
Epoch: 15, train_acc: 0.7742, val_acc: 0.6486, train_loss: 0.5343
Epoch: 16, train_acc: 0.7527, val_acc: 0.6486, train_loss: 0.5022
Epoch: 17, train_acc: 0.7957, val_acc: 0.6486, train_loss: 0.5119
Epoch: 18, train_acc: 0.7419, val_acc: 0.6757, train_loss: 0.5000
Epoch: 19, train_acc: 0.7957, val_acc: 0.7027, train_loss: 0.4892
Epoch: 20, train_acc: 0.7634, val_acc: 0.6486, train_loss: 0.4827
Epoch: 21, train_acc: 0.7634, val_acc: 0.6757, train_loss: 0.4971
Epoch: 22, train_acc: 0.7849, val_acc: 0.7027, train_loss: 0.4952
Epoch: 23, train_acc: 0.7527, val_acc: 0.6757, train_loss: 0.4980
Epoch: 24, train_acc: 0.7849, val_acc: 0.6486, train_loss: 0.4907
Epoch: 25, train_acc: 0.7312, val_acc: 0.6757, train_loss: 0.5029
Epoch: 26, train_acc: 0.8280, val_acc: 0.6757, train_loss: 0.4773
Epoch: 27, train_acc: 0.7957, val_acc: 0.6486, train_loss: 0.4742
Epoch: 28, train_acc: 0.7957, val_acc: 0.6757, train_loss: 0.4691
Epoch: 29, train_acc: 0.7849, val_acc: 0.6757, train_loss: 0.4760
Epoch: 30, train_acc: 0.7634, val_acc: 0.6757, train_loss: 0.4991
Epoch: 31, train_acc: 0.8065, val_acc: 0.7027, train_loss: 0.4927
Epoch: 32, train_acc: 0.8065, val_acc: 0.6757, train_loss: 0.4643
Epoch: 33, train_acc: 0.7527, val_acc: 0.6486, train_loss: 0.4786
Epoch: 34, train_acc: 0.7849, val_acc: 0.6757, train_loss: 0.4683
Epoch: 35, train_acc: 0.8280, val_acc: 0.7027, train_loss: 0.4280
Epoch: 36, train_acc: 0.7419, val_acc: 0.7297, train_loss: 0.4964
Val improved
Epoch: 37, train_acc: 0.7634, val_acc: 0.7027, train_loss: 0.4706
Epoch: 38, train_acc: 0.7742, val_acc: 0.6757, train_loss: 0.4878
Epoch: 39, train_acc: 0.7742, val_acc: 0.7297, train_loss: 0.4427
Epoch: 40, train_acc: 0.7742, val_acc: 0.6757, train_loss: 0.4632
Epoch: 41, train_acc: 0.7849, val_acc: 0.7027, train_loss: 0.4563
Epoch: 42, train_acc: 0.7957, val_acc: 0.6757, train_loss: 0.5252
Epoch: 43, train_acc: 0.7634, val_acc: 0.7027, train_loss: 0.5108
Epoch: 44, train_acc: 0.7312, val_acc: 0.6757, train_loss: 0.5444
Epoch: 45, train_acc: 0.7957, val_acc: 0.7297, train_loss: 0.4659
Epoch: 46, train_acc: 0.7957, val_acc: 0.7027, train_loss: 0.5100
Epoch: 47, train_acc: 0.7419, val_acc: 0.6757, train_loss: 0.5417
Epoch: 48, train_acc: 0.7634, val_acc: 0.7297, train_loss: 0.4848
Epoch: 49, train_acc: 0.7634, val_acc: 0.6757, train_loss: 0.5165
Epoch: 50, train_acc: 0.7957, val_acc: 0.7027, train_loss: 0.4612
Epoch: 51, train_acc: 0.7849, val_acc: 0.7027, train_loss: 0.4859
Epoch: 52, train_acc: 0.7849, val_acc: 0.6757, train_loss: 0.4963
Epoch: 53, train_acc: 0.7742, val_acc: 0.6757, train_loss: 0.4709
Epoch: 54, train_acc: 0.7849, val_acc: 0.6486, train_loss: 0.4856
Epoch: 55, train_acc: 0.7957, val_acc: 0.6757, train_loss: 0.4896
Epoch: 56, train_acc: 0.7742, val_acc: 0.6757, train_loss: 0.4498
Epoch: 57, train_acc: 0.7312, val_acc: 0.6486, train_loss: 0.4859
Epoch: 58, train_acc: 0.7849, val_acc: 0.6486, train_loss: 0.4768
Epoch: 59, train_acc: 0.8065, val_acc: 0.7297, train_loss: 0.4737
Epoch: 60, train_acc: 0.7634, val_acc: 0.6216, train_loss: 0.4927
Epoch: 61, train_acc: 0.7957, val_acc: 0.6486, train_loss: 0.4605
Epoch: 62, train_acc: 0.7849, val_acc: 0.6486, train_loss: 0.4566
Epoch: 63, train_acc: 0.7312, val_acc: 0.6486, train_loss: 0.5187
Epoch: 64, train_acc: 0.7312, val_acc: 0.7027, train_loss: 0.4916
Epoch: 65, train_acc: 0.8280, val_acc: 0.6486, train_loss: 0.4301
Epoch: 66, train_acc: 0.7742, val_acc: 0.7297, train_loss: 0.4501
Epoch: 67, train_acc: 0.7849, val_acc: 0.6757, train_loss: 0.4759
Epoch: 68, train_acc: 0.7742, val_acc: 0.7027, train_loss: 0.4544
Epoch: 69, train_acc: 0.7849, val_acc: 0.7027, train_loss: 0.4498
Epoch: 70, train_acc: 0.7957, val_acc: 0.6757, train_loss: 0.4633
Epoch: 71, train_acc: 0.7527, val_acc: 0.6757, train_loss: 0.4657
Epoch: 72, train_acc: 0.7849, val_acc: 0.6757, train_loss: 0.4800
Epoch: 73, train_acc: 0.7742, val_acc: 0.7027, train_loss: 0.4766
Epoch: 74, train_acc: 0.7957, val_acc: 0.7297, train_loss: 0.4677
Epoch: 75, train_acc: 0.7849, val_acc: 0.6757, train_loss: 0.4738
Epoch: 76, train_acc: 0.7634, val_acc: 0.6486, train_loss: 0.4691
Epoch: 77, train_acc: 0.7204, val_acc: 0.7027, train_loss: 0.4999
Epoch: 78, train_acc: 0.7849, val_acc: 0.7027, train_loss: 0.4751
Epoch: 79, train_acc: 0.7742, val_acc: 0.7297, train_loss: 0.5197
Epoch: 80, train_acc: 0.7742, val_acc: 0.6486, train_loss: 0.4835
Epoch: 81, train_acc: 0.7634, val_acc: 0.6486, train_loss: 0.4719
Epoch: 82, train_acc: 0.7742, val_acc: 0.6757, train_loss: 0.4705
Epoch: 83, train_acc: 0.7527, val_acc: 0.6757, train_loss: 0.4842
Epoch: 84, train_acc: 0.7957, val_acc: 0.6486, train_loss: 0.4746
Epoch: 85, train_acc: 0.7742, val_acc: 0.6216, train_loss: 0.4518
Epoch: 86, train_acc: 0.7957, val_acc: 0.6216, train_loss: 0.4454
Epoch: 87, train_acc: 0.7849, val_acc: 0.6216, train_loss: 0.4737
Epoch: 88, train_acc: 0.7849, val_acc: 0.6216, train_loss: 0.4489
Epoch: 89, train_acc: 0.8065, val_acc: 0.6216, train_loss: 0.4555
Epoch: 90, train_acc: 0.7957, val_acc: 0.6216, train_loss: 0.4451
Epoch: 91, train_acc: 0.7957, val_acc: 0.6216, train_loss: 0.4368
Epoch: 92, train_acc: 0.7527, val_acc: 0.6757, train_loss: 0.4614
Epoch: 93, train_acc: 0.7957, val_acc: 0.6757, train_loss: 0.4449
Epoch: 94, train_acc: 0.7634, val_acc: 0.6757, train_loss: 0.4520
Epoch: 95, train_acc: 0.7742, val_acc: 0.7027, train_loss: 0.4806
Epoch: 96, train_acc: 0.7742, val_acc: 0.6757, train_loss: 0.4561
Epoch: 97, train_acc: 0.7957, val_acc: 0.6757, train_loss: 0.4464
Epoch: 98, train_acc: 0.7957, val_acc: 0.6757, train_loss: 0.4606
Epoch: 99, train_acc: 0.7634, val_acc: 0.6757, train_loss: 0.4385
Epoch: 100, train_acc: 0.7957, val_acc: 0.6757, train_loss: 0.4660
Epoch: 101, train_acc: 0.7849, val_acc: 0.6757, train_loss: 0.4687
Epoch: 102, train_acc: 0.7957, val_acc: 0.6486, train_loss: 0.4490
Epoch: 103, train_acc: 0.7849, val_acc: 0.7027, train_loss: 0.4753
Epoch: 104, train_acc: 0.8280, val_acc: 0.7297, train_loss: 0.4233
Epoch: 105, train_acc: 0.7849, val_acc: 0.7027, train_loss: 0.4512
Epoch: 106, train_acc: 0.7312, val_acc: 0.7027, train_loss: 0.4901
Epoch: 107, train_acc: 0.7634, val_acc: 0.7027, train_loss: 0.4661
Epoch: 108, train_acc: 0.8065, val_acc: 0.6757, train_loss: 0.4386
Epoch: 109, train_acc: 0.7849, val_acc: 0.6486, train_loss: 0.4664
Epoch: 110, train_acc: 0.7742, val_acc: 0.6486, train_loss: 0.4375
Epoch: 111, train_acc: 0.7634, val_acc: 0.6757, train_loss: 0.4636
Epoch: 112, train_acc: 0.7957, val_acc: 0.6757, train_loss: 0.4464
Epoch: 113, train_acc: 0.7527, val_acc: 0.7297, train_loss: 0.4506
Epoch: 114, train_acc: 0.7742, val_acc: 0.7297, train_loss: 0.4493
Epoch: 115, train_acc: 0.8065, val_acc: 0.6757, train_loss: 0.4495
Epoch: 116, train_acc: 0.7849, val_acc: 0.6757, train_loss: 0.4547
Epoch: 117, train_acc: 0.7527, val_acc: 0.6757, train_loss: 0.4639
  Early stopping at epoch 117

Final test accuracy on MUTAG: 0.7759 (best epoch: 36, val: 0.7297)
  [ckpt] Saved -> checkpoints/aethelred_graph_GCN_robust/MUTAG/best_model  test_acc=0.7759
[certcurves] MUTAG clean test_acc=0.7759
[certcurves] pred-cert: {'0': 0.5, '1': 0.5, '2': 0.5, '3': 0.46551724137931033, '5': 0.39655172413793105, '10': 0.0, '15': 0.0, '20': 0.0, '25': 0.0, '30': 0.0}
[certcurves] expl-cert: {'0': 1.0, '1': 0.7931034482758624, '2': 0.5862068965517241, '3': 0.3793103448275862, '4': 0.21264367816091964, '6': 0.04310344827586206, '8': 0.0, '10': 0.0}
[certcurves] DONE MUTAG
