Epoch: 0, train_acc: 0.8239, val_acc: 0.7938, train_loss: 0.4791
Val improved
Epoch: 1, train_acc: 0.8309, val_acc: 0.7938, train_loss: 0.4602
Epoch: 2, train_acc: 0.8309, val_acc: 0.7938, train_loss: 0.4600
Epoch: 3, train_acc: 0.8309, val_acc: 0.7938, train_loss: 0.4599
Epoch: 4, train_acc: 0.8309, val_acc: 0.7938, train_loss: 0.4590
Epoch: 5, train_acc: 0.8309, val_acc: 0.7938, train_loss: 0.4565
Epoch: 6, train_acc: 0.8309, val_acc: 0.7938, train_loss: 0.4569
Epoch: 7, train_acc: 0.8309, val_acc: 0.7938, train_loss: 0.4565
Epoch: 8, train_acc: 0.8309, val_acc: 0.7938, train_loss: 0.4532
Epoch: 9, train_acc: 0.8309, val_acc: 0.7938, train_loss: 0.4501
Epoch: 10, train_acc: 0.8309, val_acc: 0.7938, train_loss: 0.4489
Epoch: 11, train_acc: 0.8309, val_acc: 0.7938, train_loss: 0.4471
Epoch: 12, train_acc: 0.8309, val_acc: 0.7938, train_loss: 0.4476
Epoch: 13, train_acc: 0.8309, val_acc: 0.7938, train_loss: 0.4489
Epoch: 14, train_acc: 0.8309, val_acc: 0.7938, train_loss: 0.4458
Epoch: 15, train_acc: 0.8309, val_acc: 0.7938, train_loss: 0.4477
Epoch: 16, train_acc: 0.8309, val_acc: 0.7938, train_loss: 0.4459
Epoch: 17, train_acc: 0.8309, val_acc: 0.7938, train_loss: 0.4463
Epoch: 18, train_acc: 0.8309, val_acc: 0.7938, train_loss: 0.4455
Epoch: 19, train_acc: 0.8309, val_acc: 0.7938, train_loss: 0.4445
Epoch: 20, train_acc: 0.8309, val_acc: 0.7938, train_loss: 0.4421
Epoch: 21, train_acc: 0.8309, val_acc: 0.7938, train_loss: 0.4453
Epoch: 22, train_acc: 0.8309, val_acc: 0.7938, train_loss: 0.4456
Epoch: 23, train_acc: 0.8309, val_acc: 0.7938, train_loss: 0.4425
Epoch: 24, train_acc: 0.8309, val_acc: 0.7938, train_loss: 0.4444
Epoch: 25, train_acc: 0.8309, val_acc: 0.7938, train_loss: 0.4463
Epoch: 26, train_acc: 0.8309, val_acc: 0.7938, train_loss: 0.4411
Epoch: 27, train_acc: 0.8309, val_acc: 0.7938, train_loss: 0.4427
Epoch: 28, train_acc: 0.8309, val_acc: 0.7938, train_loss: 0.4411
Epoch: 29, train_acc: 0.8309, val_acc: 0.7938, train_loss: 0.4417
Epoch: 30, train_acc: 0.8309, val_acc: 0.7938, train_loss: 0.4410
Epoch: 31, train_acc: 0.8309, val_acc: 0.7938, train_loss: 0.4406
Epoch: 32, train_acc: 0.8309, val_acc: 0.7938, train_loss: 0.4420
Epoch: 33, train_acc: 0.8309, val_acc: 0.7938, train_loss: 0.4413
Epoch: 34, train_acc: 0.8309, val_acc: 0.7938, train_loss: 0.4433
Epoch: 35, train_acc: 0.8309, val_acc: 0.7938, train_loss: 0.4398
Epoch: 36, train_acc: 0.8309, val_acc: 0.7938, train_loss: 0.4422
Epoch: 37, train_acc: 0.8309, val_acc: 0.7938, train_loss: 0.4387
Epoch: 38, train_acc: 0.8309, val_acc: 0.7938, train_loss: 0.4429
Epoch: 39, train_acc: 0.8309, val_acc: 0.7938, train_loss: 0.4389
Epoch: 40, train_acc: 0.8309, val_acc: 0.7938, train_loss: 0.4407
Epoch: 41, train_acc: 0.8309, val_acc: 0.7938, train_loss: 0.4406
Epoch: 42, train_acc: 0.8309, val_acc: 0.7938, train_loss: 0.4415
Epoch: 43, train_acc: 0.8309, val_acc: 0.7938, train_loss: 0.4389
Epoch: 44, train_acc: 0.8309, val_acc: 0.7938, train_loss: 0.4384
Epoch: 45, train_acc: 0.8309, val_acc: 0.7938, train_loss: 0.4407
Epoch: 46, train_acc: 0.8309, val_acc: 0.7938, train_loss: 0.4398
Epoch: 47, train_acc: 0.8309, val_acc: 0.7938, train_loss: 0.4400
Epoch: 48, train_acc: 0.8309, val_acc: 0.7938, train_loss: 0.4397
Epoch: 49, train_acc: 0.8309, val_acc: 0.7938, train_loss: 0.4373
Epoch: 50, train_acc: 0.8309, val_acc: 0.7938, train_loss: 0.4390
Epoch: 51, train_acc: 0.8309, val_acc: 0.7938, train_loss: 0.4405
Epoch: 52, train_acc: 0.8309, val_acc: 0.7938, train_loss: 0.4385
Epoch: 53, train_acc: 0.8309, val_acc: 0.7938, train_loss: 0.4381
Epoch: 54, train_acc: 0.8309, val_acc: 0.7938, train_loss: 0.4386
Epoch: 55, train_acc: 0.8309, val_acc: 0.7938, train_loss: 0.4406
Epoch: 56, train_acc: 0.8309, val_acc: 0.7938, train_loss: 0.4413
Epoch: 57, train_acc: 0.8309, val_acc: 0.7938, train_loss: 0.4395
Epoch: 58, train_acc: 0.8309, val_acc: 0.7938, train_loss: 0.4378
Epoch: 59, train_acc: 0.8309, val_acc: 0.7938, train_loss: 0.4392
Epoch: 60, train_acc: 0.8309, val_acc: 0.7938, train_loss: 0.4387
Epoch: 61, train_acc: 0.8309, val_acc: 0.7938, train_loss: 0.4396
Epoch: 62, train_acc: 0.8309, val_acc: 0.7938, train_loss: 0.4377
Epoch: 63, train_acc: 0.8309, val_acc: 0.7938, train_loss: 0.4399
Epoch: 64, train_acc: 0.8309, val_acc: 0.7938, train_loss: 0.4396
Epoch: 65, train_acc: 0.8309, val_acc: 0.7938, train_loss: 0.4376
Epoch: 66, train_acc: 0.8309, val_acc: 0.7938, train_loss: 0.4373
Epoch: 67, train_acc: 0.8309, val_acc: 0.7938, train_loss: 0.4394
Epoch: 68, train_acc: 0.8309, val_acc: 0.7938, train_loss: 0.4364
Epoch: 69, train_acc: 0.8309, val_acc: 0.7938, train_loss: 0.4364
Epoch: 70, train_acc: 0.8309, val_acc: 0.7938, train_loss: 0.4366
Epoch: 71, train_acc: 0.8309, val_acc: 0.7938, train_loss: 0.4373
Epoch: 72, train_acc: 0.8309, val_acc: 0.7938, train_loss: 0.4378
Epoch: 73, train_acc: 0.8309, val_acc: 0.7938, train_loss: 0.4380
Epoch: 74, train_acc: 0.8309, val_acc: 0.7938, train_loss: 0.4369
Epoch: 75, train_acc: 0.8309, val_acc: 0.7938, train_loss: 0.4380
Epoch: 76, train_acc: 0.8309, val_acc: 0.7938, train_loss: 0.4390
Epoch: 77, train_acc: 0.8309, val_acc: 0.7938, train_loss: 0.4377
Epoch: 78, train_acc: 0.8309, val_acc: 0.7938, train_loss: 0.4375
Epoch: 79, train_acc: 0.8309, val_acc: 0.7938, train_loss: 0.4350

Final test accuracy on gx_FC_atk: 0.8143 (best epoch: 0, val: 0.7938)
  [ckpt] Saved -> checkpoints/aethelred_graph_GCN_clean/gx_FC_atk/best_model  test_acc=0.8143
[atk] FC acc 0.814
[atk] RESULT {"method": "Aethelred", "dataset": "FC", "attack_edges": 2, "cert_k": 10, "n": 80, "explanation_accuracy": 0.30625, "difference_fraction_pct": 6.249999999999999}
