Epoch: 0, train_acc: 0.6766, val_acc: 0.7377, train_loss: 0.5874
Val improved
Epoch: 1, train_acc: 0.7952, val_acc: 0.8002, train_loss: 0.4447
Val improved
Epoch: 2, train_acc: 0.8156, val_acc: 0.8102, train_loss: 0.4171
Val improved
Epoch: 3, train_acc: 0.8133, val_acc: 0.8201, train_loss: 0.4150
Val improved
Epoch: 4, train_acc: 0.8256, val_acc: 0.8276, train_loss: 0.4016
Val improved
Epoch: 5, train_acc: 0.8316, val_acc: 0.8102, train_loss: 0.3893
Epoch: 6, train_acc: 0.8326, val_acc: 0.8343, train_loss: 0.3885
Val improved
Epoch: 7, train_acc: 0.8395, val_acc: 0.8468, train_loss: 0.3773
Val improved
Epoch: 8, train_acc: 0.8372, val_acc: 0.8443, train_loss: 0.3730
Epoch: 9, train_acc: 0.8450, val_acc: 0.8385, train_loss: 0.3756
Epoch: 10, train_acc: 0.8368, val_acc: 0.8218, train_loss: 0.3746
Epoch: 11, train_acc: 0.8465, val_acc: 0.7535, train_loss: 0.3571
Epoch: 12, train_acc: 0.8451, val_acc: 0.8593, train_loss: 0.3666
Val improved
Epoch: 13, train_acc: 0.8527, val_acc: 0.7227, train_loss: 0.3526
Epoch: 14, train_acc: 0.8494, val_acc: 0.7885, train_loss: 0.3606
Epoch: 15, train_acc: 0.8475, val_acc: 0.8435, train_loss: 0.3627
Epoch: 16, train_acc: 0.8508, val_acc: 0.8734, train_loss: 0.3601
Val improved
Epoch: 17, train_acc: 0.8496, val_acc: 0.8626, train_loss: 0.3561
Epoch: 18, train_acc: 0.8609, val_acc: 0.8668, train_loss: 0.3430
Epoch: 19, train_acc: 0.8611, val_acc: 0.8751, train_loss: 0.3435
Val improved
Epoch: 20, train_acc: 0.8503, val_acc: 0.8684, train_loss: 0.3718
Epoch: 21, train_acc: 0.8605, val_acc: 0.8418, train_loss: 0.3366
Epoch: 22, train_acc: 0.8568, val_acc: 0.8651, train_loss: 0.3422
Epoch: 23, train_acc: 0.8631, val_acc: 0.8684, train_loss: 0.3448
Epoch: 24, train_acc: 0.8437, val_acc: 0.8651, train_loss: 0.3620
Epoch: 25, train_acc: 0.8577, val_acc: 0.7943, train_loss: 0.3487
Epoch: 26, train_acc: 0.8527, val_acc: 0.8734, train_loss: 0.3477
Epoch: 27, train_acc: 0.8561, val_acc: 0.8468, train_loss: 0.3512
Epoch: 28, train_acc: 0.8638, val_acc: 0.8693, train_loss: 0.3349
Epoch: 29, train_acc: 0.8621, val_acc: 0.8668, train_loss: 0.3446
Epoch: 30, train_acc: 0.8612, val_acc: 0.8709, train_loss: 0.3472
Epoch: 31, train_acc: 0.8614, val_acc: 0.8568, train_loss: 0.3370
Epoch: 32, train_acc: 0.8692, val_acc: 0.8351, train_loss: 0.3253
Epoch: 33, train_acc: 0.8572, val_acc: 0.8751, train_loss: 0.3452
Epoch: 34, train_acc: 0.8545, val_acc: 0.8510, train_loss: 0.3548
Epoch: 35, train_acc: 0.8607, val_acc: 0.8634, train_loss: 0.3387
Epoch: 36, train_acc: 0.8653, val_acc: 0.7860, train_loss: 0.3300
Epoch: 37, train_acc: 0.8590, val_acc: 0.7893, train_loss: 0.3443
Epoch: 38, train_acc: 0.8532, val_acc: 0.8743, train_loss: 0.3531
Epoch: 39, train_acc: 0.8637, val_acc: 0.8693, train_loss: 0.3420
Epoch: 40, train_acc: 0.8645, val_acc: 0.8460, train_loss: 0.3283
Epoch: 41, train_acc: 0.8513, val_acc: 0.8793, train_loss: 0.3544
Val improved
Epoch: 42, train_acc: 0.8577, val_acc: 0.8726, train_loss: 0.3478
Epoch: 43, train_acc: 0.8682, val_acc: 0.8809, train_loss: 0.3291
Val improved
Epoch: 44, train_acc: 0.8611, val_acc: 0.8468, train_loss: 0.3426
Epoch: 45, train_acc: 0.8626, val_acc: 0.8659, train_loss: 0.3427
Epoch: 46, train_acc: 0.8619, val_acc: 0.8027, train_loss: 0.3441
Epoch: 47, train_acc: 0.8682, val_acc: 0.8626, train_loss: 0.3305
Epoch: 48, train_acc: 0.8624, val_acc: 0.8659, train_loss: 0.3496
Epoch: 49, train_acc: 0.8580, val_acc: 0.8768, train_loss: 0.3459
Epoch: 50, train_acc: 0.8705, val_acc: 0.8609, train_loss: 0.3284
Epoch: 51, train_acc: 0.8758, val_acc: 0.8843, train_loss: 0.3156
Val improved
Epoch: 52, train_acc: 0.8688, val_acc: 0.8893, train_loss: 0.3249
Val improved
Epoch: 53, train_acc: 0.8788, val_acc: 0.8676, train_loss: 0.3134
Epoch: 54, train_acc: 0.8651, val_acc: 0.8726, train_loss: 0.3307
Epoch: 55, train_acc: 0.8680, val_acc: 0.8335, train_loss: 0.3301
Epoch: 56, train_acc: 0.8649, val_acc: 0.8218, train_loss: 0.3369
Epoch: 57, train_acc: 0.8718, val_acc: 0.7602, train_loss: 0.3254
Epoch: 58, train_acc: 0.8634, val_acc: 0.8868, train_loss: 0.3430
Epoch: 59, train_acc: 0.8557, val_acc: 0.8251, train_loss: 0.3610
Epoch: 60, train_acc: 0.8709, val_acc: 0.8410, train_loss: 0.3235
Epoch: 61, train_acc: 0.8757, val_acc: 0.8876, train_loss: 0.3249
Epoch: 62, train_acc: 0.8595, val_acc: 0.7960, train_loss: 0.3446
Epoch: 63, train_acc: 0.8639, val_acc: 0.8443, train_loss: 0.3380
Epoch: 64, train_acc: 0.8483, val_acc: 0.8809, train_loss: 0.3699
Epoch: 65, train_acc: 0.8719, val_acc: 0.8709, train_loss: 0.3155
Epoch: 66, train_acc: 0.8612, val_acc: 0.8834, train_loss: 0.3397
Epoch: 67, train_acc: 0.8696, val_acc: 0.8226, train_loss: 0.3312
Epoch: 68, train_acc: 0.8711, val_acc: 0.8834, train_loss: 0.3314
Epoch: 69, train_acc: 0.8801, val_acc: 0.8743, train_loss: 0.3139
Epoch: 70, train_acc: 0.8793, val_acc: 0.8743, train_loss: 0.3107
Epoch: 71, train_acc: 0.8681, val_acc: 0.8893, train_loss: 0.3258
Epoch: 72, train_acc: 0.8677, val_acc: 0.8768, train_loss: 0.3304
Epoch: 73, train_acc: 0.8549, val_acc: 0.8518, train_loss: 0.3432
Epoch: 74, train_acc: 0.8665, val_acc: 0.8709, train_loss: 0.3318
Epoch: 75, train_acc: 0.8614, val_acc: 0.8684, train_loss: 0.3403
Epoch: 76, train_acc: 0.8792, val_acc: 0.7860, train_loss: 0.3107
Epoch: 77, train_acc: 0.8683, val_acc: 0.8518, train_loss: 0.3290
Epoch: 78, train_acc: 0.8684, val_acc: 0.8726, train_loss: 0.3405
Epoch: 79, train_acc: 0.8613, val_acc: 0.8826, train_loss: 0.3361

Final test accuracy on gx_Benzene_atk: 0.8783 (best epoch: 52, val: 0.8893)
  [ckpt] Saved -> checkpoints/aethelred_graph_GCN_clean/gx_Benzene_atk/best_model  test_acc=0.8783
[atk] Benzene acc 0.878
[atk] RESULT {"method": "Aethelred", "dataset": "Benzene", "attack_edges": 2, "n": 80, "explanation_accuracy": 0.4989583333333333, "difference_fraction_pct": 13.502747252747247}
