Epoch: 0, train_acc: 0.8239, val_acc: 0.7938, train_loss: 0.4790
Val improved
Epoch: 1, train_acc: 0.8309, val_acc: 0.7938, train_loss: 0.4596
Epoch: 2, train_acc: 0.8309, val_acc: 0.7938, train_loss: 0.4603
Epoch: 3, train_acc: 0.8309, val_acc: 0.7938, train_loss: 0.4595
Epoch: 4, train_acc: 0.8309, val_acc: 0.7938, train_loss: 0.4588
Epoch: 5, train_acc: 0.8309, val_acc: 0.7938, train_loss: 0.4566
Epoch: 6, train_acc: 0.8309, val_acc: 0.7938, train_loss: 0.4574
Epoch: 7, train_acc: 0.8309, val_acc: 0.7938, train_loss: 0.4560
Epoch: 8, train_acc: 0.8309, val_acc: 0.7938, train_loss: 0.4538
Epoch: 9, train_acc: 0.8309, val_acc: 0.7938, train_loss: 0.4500
Epoch: 10, train_acc: 0.8309, val_acc: 0.7938, train_loss: 0.4487
Epoch: 11, train_acc: 0.8309, val_acc: 0.7938, train_loss: 0.4474
Epoch: 12, train_acc: 0.8309, val_acc: 0.7938, train_loss: 0.4474
Epoch: 13, train_acc: 0.8309, val_acc: 0.7938, train_loss: 0.4493
Epoch: 14, train_acc: 0.8309, val_acc: 0.7938, train_loss: 0.4460
Epoch: 15, train_acc: 0.8309, val_acc: 0.7938, train_loss: 0.4479
Epoch: 16, train_acc: 0.8309, val_acc: 0.7938, train_loss: 0.4466
Epoch: 17, train_acc: 0.8309, val_acc: 0.7938, train_loss: 0.4458
Epoch: 18, train_acc: 0.8309, val_acc: 0.7938, train_loss: 0.4463
Epoch: 19, train_acc: 0.8309, val_acc: 0.7938, train_loss: 0.4444
Epoch: 20, train_acc: 0.8309, val_acc: 0.7938, train_loss: 0.4423
Epoch: 21, train_acc: 0.8309, val_acc: 0.7938, train_loss: 0.4457
Epoch: 22, train_acc: 0.8309, val_acc: 0.7938, train_loss: 0.4443
Epoch: 23, train_acc: 0.8309, val_acc: 0.7938, train_loss: 0.4427
Epoch: 24, train_acc: 0.8309, val_acc: 0.7938, train_loss: 0.4440
Epoch: 25, train_acc: 0.8309, val_acc: 0.7938, train_loss: 0.4450
Epoch: 26, train_acc: 0.8309, val_acc: 0.7938, train_loss: 0.4404
Epoch: 27, train_acc: 0.8309, val_acc: 0.7938, train_loss: 0.4422
Epoch: 28, train_acc: 0.8309, val_acc: 0.7938, train_loss: 0.4420
Epoch: 29, train_acc: 0.8309, val_acc: 0.7938, train_loss: 0.4413
Epoch: 30, train_acc: 0.8309, val_acc: 0.7938, train_loss: 0.4411
Epoch: 31, train_acc: 0.8309, val_acc: 0.7938, train_loss: 0.4409
Epoch: 32, train_acc: 0.8309, val_acc: 0.7938, train_loss: 0.4418
Epoch: 33, train_acc: 0.8309, val_acc: 0.7938, train_loss: 0.4406
Epoch: 34, train_acc: 0.8309, val_acc: 0.7938, train_loss: 0.4426
Epoch: 35, train_acc: 0.8309, val_acc: 0.7938, train_loss: 0.4400
Epoch: 36, train_acc: 0.8309, val_acc: 0.7938, train_loss: 0.4424
Epoch: 37, train_acc: 0.8309, val_acc: 0.7938, train_loss: 0.4391
Epoch: 38, train_acc: 0.8309, val_acc: 0.7938, train_loss: 0.4434
Epoch: 39, train_acc: 0.8309, val_acc: 0.7938, train_loss: 0.4392
Epoch: 40, train_acc: 0.8309, val_acc: 0.7938, train_loss: 0.4404
Epoch: 41, train_acc: 0.8309, val_acc: 0.7938, train_loss: 0.4412
Epoch: 42, train_acc: 0.8309, val_acc: 0.7938, train_loss: 0.4410
Epoch: 43, train_acc: 0.8309, val_acc: 0.7938, train_loss: 0.4389
Epoch: 44, train_acc: 0.8309, val_acc: 0.7938, train_loss: 0.4385
Epoch: 45, train_acc: 0.8309, val_acc: 0.7938, train_loss: 0.4403
Epoch: 46, train_acc: 0.8309, val_acc: 0.7938, train_loss: 0.4401
Epoch: 47, train_acc: 0.8309, val_acc: 0.7938, train_loss: 0.4399
Epoch: 48, train_acc: 0.8309, val_acc: 0.7938, train_loss: 0.4401
Epoch: 49, train_acc: 0.8309, val_acc: 0.7938, train_loss: 0.4372
Epoch: 50, train_acc: 0.8309, val_acc: 0.7938, train_loss: 0.4402
Epoch: 51, train_acc: 0.8309, val_acc: 0.7938, train_loss: 0.4408
Epoch: 52, train_acc: 0.8309, val_acc: 0.7938, train_loss: 0.4369
Epoch: 53, train_acc: 0.8309, val_acc: 0.7938, train_loss: 0.4360
Epoch: 54, train_acc: 0.8309, val_acc: 0.7938, train_loss: 0.4321
Epoch: 55, train_acc: 0.8309, val_acc: 0.7938, train_loss: 0.4341
Epoch: 56, train_acc: 0.8309, val_acc: 0.7938, train_loss: 0.4373
Epoch: 57, train_acc: 0.8309, val_acc: 0.7938, train_loss: 0.4316
Epoch: 58, train_acc: 0.8309, val_acc: 0.7938, train_loss: 0.4294
Epoch: 59, train_acc: 0.8309, val_acc: 0.7938, train_loss: 0.4304
Epoch: 60, train_acc: 0.8309, val_acc: 0.7938, train_loss: 0.4292
Epoch: 61, train_acc: 0.8309, val_acc: 0.7938, train_loss: 0.4294
Epoch: 62, train_acc: 0.8309, val_acc: 0.7938, train_loss: 0.4285
Epoch: 63, train_acc: 0.8309, val_acc: 0.7938, train_loss: 0.4306
Epoch: 64, train_acc: 0.8309, val_acc: 0.7938, train_loss: 0.4302
Epoch: 65, train_acc: 0.8309, val_acc: 0.7938, train_loss: 0.4266
Epoch: 66, train_acc: 0.8309, val_acc: 0.7938, train_loss: 0.4271
Epoch: 67, train_acc: 0.8309, val_acc: 0.7938, train_loss: 0.4284
Epoch: 68, train_acc: 0.8309, val_acc: 0.7938, train_loss: 0.4241
Epoch: 69, train_acc: 0.8309, val_acc: 0.7938, train_loss: 0.4264
Epoch: 70, train_acc: 0.8309, val_acc: 0.7938, train_loss: 0.4200
Epoch: 71, train_acc: 0.8309, val_acc: 0.7938, train_loss: 0.4168
Epoch: 72, train_acc: 0.8309, val_acc: 0.7938, train_loss: 0.4137
Epoch: 73, train_acc: 0.8309, val_acc: 0.7938, train_loss: 0.4132
Epoch: 74, train_acc: 0.8309, val_acc: 0.7938, train_loss: 0.4101
Epoch: 75, train_acc: 0.8309, val_acc: 0.7938, train_loss: 0.4103
Epoch: 76, train_acc: 0.8309, val_acc: 0.7938, train_loss: 0.4063
Epoch: 77, train_acc: 0.8309, val_acc: 0.7938, train_loss: 0.4046
Epoch: 78, train_acc: 0.8309, val_acc: 0.7938, train_loss: 0.4050
Epoch: 79, train_acc: 0.8309, val_acc: 0.7938, train_loss: 0.4013

Final test accuracy on gx_FC_atk: 0.8143 (best epoch: 0, val: 0.7938)
  [ckpt] Saved -> checkpoints/aethelred_graph_GCN_clean/gx_FC_atk/best_model  test_acc=0.8143
[atk] FC acc 0.814
[atk] RESULT {"method": "Aethelred", "dataset": "FC", "attack_edges": 2, "n": 80, "explanation_accuracy": 0.26979166666666665, "difference_fraction_pct": 17.005494505494514}
