
============================================================
Node Classification: PubMed | GNN: GCN | T=60
============================================================
CUDA enabled: Quadro RTX 8000 | torch CUDA 12.1
Epoch: 0, train_acc: 0.5419, val_acc: 0.5178, train_loss: 66.0483
Val improved
Epoch: 1, train_acc: 0.6083, val_acc: 0.5914, train_loss: 65.0378
Val improved
Epoch: 2, train_acc: 0.6264, val_acc: 0.6162, train_loss: 64.1977
Val improved
Epoch: 3, train_acc: 0.6354, val_acc: 0.6274, train_loss: 63.4893
Val improved
Epoch: 4, train_acc: 0.6415, val_acc: 0.6325, train_loss: 62.8459
Val improved
Epoch: 5, train_acc: 0.6433, val_acc: 0.6376, train_loss: 62.2189
Val improved
Epoch: 6, train_acc: 0.6499, val_acc: 0.6406, train_loss: 61.5843
Val improved
Epoch: 7, train_acc: 0.6547, val_acc: 0.6452, train_loss: 60.9311
Val improved
Epoch: 8, train_acc: 0.6587, val_acc: 0.6497, train_loss: 60.2577
Val improved
Epoch: 9, train_acc: 0.6616, val_acc: 0.6523, train_loss: 59.5657
Val improved
Epoch: 10, train_acc: 0.6657, val_acc: 0.6579, train_loss: 58.8590
Val improved
Epoch: 11, train_acc: 0.6672, val_acc: 0.6635, train_loss: 58.1391
Val improved
Epoch: 12, train_acc: 0.6716, val_acc: 0.6670, train_loss: 57.4073
Val improved
Epoch: 13, train_acc: 0.6836, val_acc: 0.6832, train_loss: 56.6646
Val improved
Epoch: 14, train_acc: 0.7007, val_acc: 0.7005, train_loss: 55.9123
Val improved
Epoch: 15, train_acc: 0.7216, val_acc: 0.7198, train_loss: 55.1514
Val improved
Epoch: 16, train_acc: 0.7468, val_acc: 0.7431, train_loss: 54.3823
Val improved
Epoch: 17, train_acc: 0.7615, val_acc: 0.7584, train_loss: 53.6059
Val improved
Epoch: 18, train_acc: 0.7769, val_acc: 0.7685, train_loss: 52.8228
Val improved
Epoch: 19, train_acc: 0.7886, val_acc: 0.7772, train_loss: 52.0342
Val improved
Epoch: 20, train_acc: 0.7942, val_acc: 0.7817, train_loss: 51.2423
Val improved
Epoch: 21, train_acc: 0.8031, val_acc: 0.7848, train_loss: 50.4488
Val improved
Epoch: 22, train_acc: 0.8096, val_acc: 0.7939, train_loss: 49.6545
Val improved
Epoch: 23, train_acc: 0.8162, val_acc: 0.8010, train_loss: 48.8607
Val improved
Epoch: 24, train_acc: 0.8214, val_acc: 0.8066, train_loss: 48.0686
Val improved
Epoch: 25, train_acc: 0.8250, val_acc: 0.8081, train_loss: 47.2787
Val improved
Epoch: 26, train_acc: 0.8299, val_acc: 0.8142, train_loss: 46.4920
Val improved
Epoch: 27, train_acc: 0.8343, val_acc: 0.8188, train_loss: 45.7093
Val improved
Epoch: 28, train_acc: 0.8371, val_acc: 0.8193, train_loss: 44.9311
Val improved
Epoch: 29, train_acc: 0.8404, val_acc: 0.8203, train_loss: 44.1580
Val improved
Epoch: 30, train_acc: 0.8439, val_acc: 0.8259, train_loss: 43.3911
Val improved
Epoch: 31, train_acc: 0.8456, val_acc: 0.8289, train_loss: 42.6311
Val improved
Epoch: 32, train_acc: 0.8502, val_acc: 0.8299, train_loss: 41.8793
Val improved
Epoch: 33, train_acc: 0.8534, val_acc: 0.8330, train_loss: 41.1365
Val improved
Epoch: 34, train_acc: 0.8549, val_acc: 0.8365, train_loss: 40.4028
Val improved
Epoch: 35, train_acc: 0.8595, val_acc: 0.8386, train_loss: 39.6782
Val improved
Epoch: 36, train_acc: 0.8622, val_acc: 0.8386, train_loss: 38.9630
Epoch: 37, train_acc: 0.8640, val_acc: 0.8396, train_loss: 38.2573
Val improved
Epoch: 38, train_acc: 0.8659, val_acc: 0.8391, train_loss: 37.5614
Epoch: 39, train_acc: 0.8676, val_acc: 0.8406, train_loss: 36.8759
Val improved
Epoch: 40, train_acc: 0.8710, val_acc: 0.8426, train_loss: 36.2012
Val improved
Epoch: 41, train_acc: 0.8737, val_acc: 0.8437, train_loss: 35.5378
Val improved
Epoch: 42, train_acc: 0.8760, val_acc: 0.8431, train_loss: 34.8861
Epoch: 43, train_acc: 0.8786, val_acc: 0.8442, train_loss: 34.2463
Val improved
Epoch: 44, train_acc: 0.8806, val_acc: 0.8452, train_loss: 33.6185
Val improved
Epoch: 45, train_acc: 0.8836, val_acc: 0.8497, train_loss: 33.0032
Val improved
Epoch: 46, train_acc: 0.8862, val_acc: 0.8523, train_loss: 32.4001
Val improved
Epoch: 47, train_acc: 0.8889, val_acc: 0.8548, train_loss: 31.8094
Val improved
Epoch: 48, train_acc: 0.8902, val_acc: 0.8558, train_loss: 31.2310
Val improved
Epoch: 49, train_acc: 0.8928, val_acc: 0.8569, train_loss: 30.6648
Val improved
Epoch: 50, train_acc: 0.8950, val_acc: 0.8594, train_loss: 30.1110
Val improved
Epoch: 51, train_acc: 0.8973, val_acc: 0.8614, train_loss: 29.5693
Val improved
Epoch: 52, train_acc: 0.9001, val_acc: 0.8640, train_loss: 29.0395
Val improved
Epoch: 53, train_acc: 0.9012, val_acc: 0.8640, train_loss: 28.5217
Epoch: 54, train_acc: 0.9034, val_acc: 0.8650, train_loss: 28.0156
Val improved
Epoch: 55, train_acc: 0.9048, val_acc: 0.8655, train_loss: 27.5211
Val improved
Epoch: 56, train_acc: 0.9072, val_acc: 0.8645, train_loss: 27.0376
Epoch: 57, train_acc: 0.9092, val_acc: 0.8640, train_loss: 26.5653
Epoch: 58, train_acc: 0.9112, val_acc: 0.8655, train_loss: 26.1038
Epoch: 59, train_acc: 0.9127, val_acc: 0.8645, train_loss: 25.6531
Epoch: 60, train_acc: 0.9139, val_acc: 0.8650, train_loss: 25.2128
Epoch: 61, train_acc: 0.9159, val_acc: 0.8650, train_loss: 24.7825
Epoch: 62, train_acc: 0.9175, val_acc: 0.8660, train_loss: 24.3620
Val improved
Epoch: 63, train_acc: 0.9185, val_acc: 0.8660, train_loss: 23.9512
Epoch: 64, train_acc: 0.9205, val_acc: 0.8655, train_loss: 23.5497
Epoch: 65, train_acc: 0.9225, val_acc: 0.8650, train_loss: 23.1568
Epoch: 66, train_acc: 0.9256, val_acc: 0.8650, train_loss: 22.7721
Epoch: 67, train_acc: 0.9269, val_acc: 0.8624, train_loss: 22.3960
Epoch: 68, train_acc: 0.9285, val_acc: 0.8640, train_loss: 22.0283
Epoch: 69, train_acc: 0.9300, val_acc: 0.8660, train_loss: 21.6683
Epoch: 70, train_acc: 0.9308, val_acc: 0.8650, train_loss: 21.3159
Epoch: 71, train_acc: 0.9329, val_acc: 0.8645, train_loss: 20.9707
Epoch: 72, train_acc: 0.9347, val_acc: 0.8655, train_loss: 20.6328
Epoch: 73, train_acc: 0.9371, val_acc: 0.8650, train_loss: 20.3019
Epoch: 74, train_acc: 0.9381, val_acc: 0.8655, train_loss: 19.9771
Epoch: 75, train_acc: 0.9398, val_acc: 0.8655, train_loss: 19.6593
Epoch: 76, train_acc: 0.9406, val_acc: 0.8650, train_loss: 19.3504
Epoch: 77, train_acc: 0.9420, val_acc: 0.8640, train_loss: 19.0488
Epoch: 78, train_acc: 0.9433, val_acc: 0.8624, train_loss: 18.7491
Epoch: 79, train_acc: 0.9444, val_acc: 0.8640, train_loss: 18.4601
Epoch: 80, train_acc: 0.9459, val_acc: 0.8640, train_loss: 18.1793
Epoch: 81, train_acc: 0.9472, val_acc: 0.8635, train_loss: 17.9004
Epoch: 82, train_acc: 0.9484, val_acc: 0.8635, train_loss: 17.6314
Epoch: 83, train_acc: 0.9506, val_acc: 0.8635, train_loss: 17.3668
Epoch: 84, train_acc: 0.9520, val_acc: 0.8635, train_loss: 17.1087
Epoch: 85, train_acc: 0.9528, val_acc: 0.8629, train_loss: 16.8568
Epoch: 86, train_acc: 0.9538, val_acc: 0.8629, train_loss: 16.6091
Epoch: 87, train_acc: 0.9559, val_acc: 0.8645, train_loss: 16.3697
Epoch: 88, train_acc: 0.9574, val_acc: 0.8624, train_loss: 16.1332
Epoch: 89, train_acc: 0.9577, val_acc: 0.8619, train_loss: 15.9033
Epoch: 90, train_acc: 0.9586, val_acc: 0.8619, train_loss: 15.6763
Epoch: 91, train_acc: 0.9597, val_acc: 0.8599, train_loss: 15.4594
Epoch: 92, train_acc: 0.9606, val_acc: 0.8604, train_loss: 15.2376
Epoch: 93, train_acc: 0.9619, val_acc: 0.8614, train_loss: 15.0319
Epoch: 94, train_acc: 0.9633, val_acc: 0.8614, train_loss: 14.8236
Epoch: 95, train_acc: 0.9636, val_acc: 0.8609, train_loss: 14.6233
Epoch: 96, train_acc: 0.9648, val_acc: 0.8619, train_loss: 14.4264
Epoch: 97, train_acc: 0.9653, val_acc: 0.8629, train_loss: 14.2330
Epoch: 98, train_acc: 0.9663, val_acc: 0.8619, train_loss: 14.0462
Epoch: 99, train_acc: 0.9675, val_acc: 0.8624, train_loss: 13.8586
Epoch: 100, train_acc: 0.9679, val_acc: 0.8614, train_loss: 13.6799
Epoch: 101, train_acc: 0.9687, val_acc: 0.8629, train_loss: 13.5003
Epoch: 102, train_acc: 0.9697, val_acc: 0.8629, train_loss: 13.3278
Epoch: 103, train_acc: 0.9699, val_acc: 0.8635, train_loss: 13.1534
Epoch: 104, train_acc: 0.9706, val_acc: 0.8650, train_loss: 12.9917
Epoch: 105, train_acc: 0.9709, val_acc: 0.8629, train_loss: 12.8203
Epoch: 106, train_acc: 0.9714, val_acc: 0.8635, train_loss: 12.6648
Epoch: 107, train_acc: 0.9723, val_acc: 0.8635, train_loss: 12.4978
Epoch: 108, train_acc: 0.9731, val_acc: 0.8645, train_loss: 12.3493
Epoch: 109, train_acc: 0.9743, val_acc: 0.8624, train_loss: 12.1903
Epoch: 110, train_acc: 0.9745, val_acc: 0.8640, train_loss: 12.0432
Epoch: 111, train_acc: 0.9751, val_acc: 0.8624, train_loss: 11.8891
Epoch: 112, train_acc: 0.9751, val_acc: 0.8635, train_loss: 11.7490
Epoch: 113, train_acc: 0.9762, val_acc: 0.8624, train_loss: 11.5998
Epoch: 114, train_acc: 0.9763, val_acc: 0.8624, train_loss: 11.4638
Epoch: 115, train_acc: 0.9772, val_acc: 0.8624, train_loss: 11.3220
Epoch: 116, train_acc: 0.9773, val_acc: 0.8624, train_loss: 11.1868
Epoch: 117, train_acc: 0.9778, val_acc: 0.8635, train_loss: 11.0590
Epoch: 118, train_acc: 0.9780, val_acc: 0.8640, train_loss: 10.9200
Epoch: 119, train_acc: 0.9784, val_acc: 0.8650, train_loss: 10.7999
Epoch: 120, train_acc: 0.9787, val_acc: 0.8645, train_loss: 10.6671
Epoch: 121, train_acc: 0.9790, val_acc: 0.8640, train_loss: 10.5447
Epoch: 122, train_acc: 0.9797, val_acc: 0.8645, train_loss: 10.4253
Epoch: 123, train_acc: 0.9804, val_acc: 0.8650, train_loss: 10.2954
Epoch: 124, train_acc: 0.9806, val_acc: 0.8619, train_loss: 10.1859
Epoch: 125, train_acc: 0.9809, val_acc: 0.8640, train_loss: 10.0629
Epoch: 126, train_acc: 0.9814, val_acc: 0.8629, train_loss: 9.9493
Epoch: 127, train_acc: 0.9817, val_acc: 0.8619, train_loss: 9.8403
Epoch: 128, train_acc: 0.9821, val_acc: 0.8640, train_loss: 9.7239
Epoch: 129, train_acc: 0.9824, val_acc: 0.8635, train_loss: 9.6219
Epoch: 130, train_acc: 0.9831, val_acc: 0.8619, train_loss: 9.5151
Epoch: 131, train_acc: 0.9829, val_acc: 0.8635, train_loss: 9.4033
Epoch: 132, train_acc: 0.9836, val_acc: 0.8629, train_loss: 9.3223
Epoch: 133, train_acc: 0.9839, val_acc: 0.8624, train_loss: 9.2139
Epoch: 134, train_acc: 0.9841, val_acc: 0.8624, train_loss: 9.1268
Epoch: 135, train_acc: 0.9848, val_acc: 0.8640, train_loss: 9.0213
Epoch: 136, train_acc: 0.9848, val_acc: 0.8650, train_loss: 8.9540
Epoch: 137, train_acc: 0.9846, val_acc: 0.8640, train_loss: 8.8555
Epoch: 138, train_acc: 0.9849, val_acc: 0.8635, train_loss: 8.7749
Epoch: 139, train_acc: 0.9853, val_acc: 0.8655, train_loss: 8.6956
Epoch: 140, train_acc: 0.9853, val_acc: 0.8640, train_loss: 8.6152
Epoch: 141, train_acc: 0.9856, val_acc: 0.8650, train_loss: 8.5414
Epoch: 142, train_acc: 0.9856, val_acc: 0.8655, train_loss: 8.4600
Epoch: 143, train_acc: 0.9856, val_acc: 0.8640, train_loss: 8.3954
Epoch: 144, train_acc: 0.9858, val_acc: 0.8655, train_loss: 8.3169
Epoch: 145, train_acc: 0.9858, val_acc: 0.8660, train_loss: 8.2464
Epoch: 146, train_acc: 0.9860, val_acc: 0.8655, train_loss: 8.1689
Epoch: 147, train_acc: 0.9860, val_acc: 0.8655, train_loss: 8.1028
Epoch: 148, train_acc: 0.9863, val_acc: 0.8660, train_loss: 8.0248
Epoch: 149, train_acc: 0.9863, val_acc: 0.8645, train_loss: 7.9592
Epoch: 150, train_acc: 0.9865, val_acc: 0.8655, train_loss: 7.8874
Epoch: 151, train_acc: 0.9866, val_acc: 0.8645, train_loss: 7.8144
Epoch: 152, train_acc: 0.9870, val_acc: 0.8645, train_loss: 7.7545
Epoch: 153, train_acc: 0.9871, val_acc: 0.8629, train_loss: 7.6787
Epoch: 154, train_acc: 0.9875, val_acc: 0.8629, train_loss: 7.6162
Epoch: 155, train_acc: 0.9877, val_acc: 0.8635, train_loss: 7.5500
Epoch: 156, train_acc: 0.9878, val_acc: 0.8635, train_loss: 7.4780
Epoch: 157, train_acc: 0.9882, val_acc: 0.8635, train_loss: 7.4218
Epoch: 158, train_acc: 0.9880, val_acc: 0.8619, train_loss: 7.3496
Epoch: 159, train_acc: 0.9882, val_acc: 0.8629, train_loss: 7.2915
Epoch: 160, train_acc: 0.9887, val_acc: 0.8609, train_loss: 7.2226
Epoch: 161, train_acc: 0.9888, val_acc: 0.8624, train_loss: 7.1645
Epoch: 162, train_acc: 0.9888, val_acc: 0.8629, train_loss: 7.0945
Epoch: 163, train_acc: 0.9892, val_acc: 0.8624, train_loss: 7.0423
Epoch: 164, train_acc: 0.9897, val_acc: 0.8640, train_loss: 6.9741
Epoch: 165, train_acc: 0.9900, val_acc: 0.8609, train_loss: 6.9140
Epoch: 166, train_acc: 0.9902, val_acc: 0.8629, train_loss: 6.8554
Epoch: 167, train_acc: 0.9905, val_acc: 0.8629, train_loss: 6.7887
Epoch: 168, train_acc: 0.9907, val_acc: 0.8619, train_loss: 6.7429
Epoch: 169, train_acc: 0.9910, val_acc: 0.8635, train_loss: 6.6740
Epoch: 170, train_acc: 0.9914, val_acc: 0.8609, train_loss: 6.6205
Epoch: 171, train_acc: 0.9915, val_acc: 0.8599, train_loss: 6.5573
Epoch: 172, train_acc: 0.9917, val_acc: 0.8624, train_loss: 6.5071
Epoch: 173, train_acc: 0.9921, val_acc: 0.8624, train_loss: 6.4457
Epoch: 174, train_acc: 0.9926, val_acc: 0.8609, train_loss: 6.3883
Epoch: 175, train_acc: 0.9926, val_acc: 0.8629, train_loss: 6.3398
Epoch: 176, train_acc: 0.9927, val_acc: 0.8609, train_loss: 6.2793
Epoch: 177, train_acc: 0.9929, val_acc: 0.8614, train_loss: 6.2273
Epoch: 178, train_acc: 0.9932, val_acc: 0.8629, train_loss: 6.1725
Epoch: 179, train_acc: 0.9934, val_acc: 0.8624, train_loss: 6.1165
Epoch: 180, train_acc: 0.9932, val_acc: 0.8629, train_loss: 6.0683
Epoch: 181, train_acc: 0.9934, val_acc: 0.8619, train_loss: 6.0123
Epoch: 182, train_acc: 0.9936, val_acc: 0.8624, train_loss: 5.9589
Epoch: 183, train_acc: 0.9934, val_acc: 0.8640, train_loss: 5.9102
Epoch: 184, train_acc: 0.9936, val_acc: 0.8624, train_loss: 5.8583
Epoch: 185, train_acc: 0.9936, val_acc: 0.8614, train_loss: 5.8045
Epoch: 186, train_acc: 0.9939, val_acc: 0.8614, train_loss: 5.7606
Epoch: 187, train_acc: 0.9941, val_acc: 0.8609, train_loss: 5.7020
Epoch: 188, train_acc: 0.9941, val_acc: 0.8614, train_loss: 5.6601
Epoch: 189, train_acc: 0.9944, val_acc: 0.8609, train_loss: 5.6060
Epoch: 190, train_acc: 0.9944, val_acc: 0.8609, train_loss: 5.5625
Epoch: 191, train_acc: 0.9946, val_acc: 0.8609, train_loss: 5.5065
Epoch: 192, train_acc: 0.9949, val_acc: 0.8584, train_loss: 5.4729
Epoch: 193, train_acc: 0.9948, val_acc: 0.8619, train_loss: 5.4158
Epoch: 194, train_acc: 0.9948, val_acc: 0.8599, train_loss: 5.3858
Epoch: 195, train_acc: 0.9949, val_acc: 0.8599, train_loss: 5.3384
Epoch: 196, train_acc: 0.9949, val_acc: 0.8589, train_loss: 5.2961
Epoch: 197, train_acc: 0.9951, val_acc: 0.8604, train_loss: 5.2551
Epoch: 198, train_acc: 0.9951, val_acc: 0.8584, train_loss: 5.2110
Epoch: 199, train_acc: 0.9951, val_acc: 0.8589, train_loss: 5.1743
/nas/home/jahin/Aethelred/_ref_pgnncert/edge_hash.py:164: FutureWarning: You are using `torch.load` with `weights_only=False` (the current default value), which uses the default pickle module implicitly. It is possible to construct malicious pickle data which will execute arbitrary code during unpickling (See https://github.com/pytorch/pytorch/blob/main/SECURITY.md#untrusted-models for more details). In a future release, the default value for `weights_only` will be flipped to `True`. This limits the functions that could be executed during unpickling. Arbitrary objects will no longer be allowed to be loaded via this mode unless they are explicitly allowlisted by the user via `torch.serialization.add_safe_globals`. We recommend you start setting `weights_only=True` for any use case where you don't have full control of the loaded file. Please open an issue on GitHub for any issues related to this experimental feature.
  checkpoint = torch.load(path+f"_{i}", map_location=self.device)

PGNNCert-E:
  Test Accuracy: 0.8507
  Time: 5040.3s
  Certified accuracy at p=0: 0.8507
  Certified accuracy at p=5: 0.8415
  Certified accuracy at p=10: 0.8297
  Certified accuracy at p=15: 0.8179
  Certified accuracy at p=25: 0.7810

Summary:
  PGNNCert-E   | Acc: 0.8507 | Time: 5040.3s

Results saved to results/node_PubMed_GCN_T60.json
