
============================================================
Graph Classification: MUTAG | GNN: GCN | T=50
============================================================
CUDA enabled: Quadro RTX 8000 | torch CUDA 12.1
Epoch: 0, train_acc: 0.6667, val_acc: 0.6757, train_loss: 64.4846
Val improved
Epoch: 1, train_acc: 0.6667, val_acc: 0.6757, train_loss: 63.1378
Epoch: 2, train_acc: 0.6667, val_acc: 0.6757, train_loss: 61.8010
Epoch: 3, train_acc: 0.6667, val_acc: 0.6757, train_loss: 61.2362
Epoch: 4, train_acc: 0.6667, val_acc: 0.6757, train_loss: 60.7454
Epoch: 5, train_acc: 0.6667, val_acc: 0.6757, train_loss: 60.4192
Epoch: 6, train_acc: 0.6667, val_acc: 0.6757, train_loss: 60.1304
Epoch: 7, train_acc: 0.6667, val_acc: 0.6757, train_loss: 59.8698
Epoch: 8, train_acc: 0.6667, val_acc: 0.6757, train_loss: 59.6324
Epoch: 9, train_acc: 0.6667, val_acc: 0.6757, train_loss: 59.4162
Epoch: 10, train_acc: 0.6667, val_acc: 0.6757, train_loss: 59.2183
Epoch: 11, train_acc: 0.6667, val_acc: 0.6757, train_loss: 59.0290
Epoch: 12, train_acc: 0.6667, val_acc: 0.6757, train_loss: 58.8448
Epoch: 13, train_acc: 0.6667, val_acc: 0.6757, train_loss: 58.6632
Epoch: 14, train_acc: 0.6667, val_acc: 0.6757, train_loss: 58.4838
Epoch: 15, train_acc: 0.6667, val_acc: 0.6757, train_loss: 58.3075
Epoch: 16, train_acc: 0.6667, val_acc: 0.6757, train_loss: 58.1353
Epoch: 17, train_acc: 0.6667, val_acc: 0.6757, train_loss: 57.9655
Epoch: 18, train_acc: 0.6667, val_acc: 0.6757, train_loss: 57.8008
Epoch: 19, train_acc: 0.6667, val_acc: 0.6757, train_loss: 57.6407
Epoch: 20, train_acc: 0.6667, val_acc: 0.6757, train_loss: 57.4844
Epoch: 21, train_acc: 0.6667, val_acc: 0.6757, train_loss: 57.3326
Epoch: 22, train_acc: 0.6667, val_acc: 0.6757, train_loss: 57.1853
Epoch: 23, train_acc: 0.6667, val_acc: 0.6757, train_loss: 57.0418
Epoch: 24, train_acc: 0.6667, val_acc: 0.6757, train_loss: 56.9027
Epoch: 25, train_acc: 0.6667, val_acc: 0.6757, train_loss: 56.7677
Epoch: 26, train_acc: 0.6667, val_acc: 0.6757, train_loss: 56.6382
Epoch: 27, train_acc: 0.6667, val_acc: 0.6757, train_loss: 56.5128
Epoch: 28, train_acc: 0.6667, val_acc: 0.6757, train_loss: 56.3915
Epoch: 29, train_acc: 0.6667, val_acc: 0.6757, train_loss: 56.2738
Epoch: 30, train_acc: 0.6667, val_acc: 0.6757, train_loss: 56.1593
Epoch: 31, train_acc: 0.6667, val_acc: 0.6757, train_loss: 56.0489
Epoch: 32, train_acc: 0.6667, val_acc: 0.6757, train_loss: 55.9419
Epoch: 33, train_acc: 0.6667, val_acc: 0.6757, train_loss: 55.8388
Epoch: 34, train_acc: 0.6667, val_acc: 0.6757, train_loss: 55.7397
Epoch: 35, train_acc: 0.6667, val_acc: 0.6757, train_loss: 55.6445
Epoch: 36, train_acc: 0.6667, val_acc: 0.6757, train_loss: 55.5522
Epoch: 37, train_acc: 0.6667, val_acc: 0.6757, train_loss: 55.4636
Epoch: 38, train_acc: 0.6667, val_acc: 0.6757, train_loss: 55.3783
Epoch: 39, train_acc: 0.6667, val_acc: 0.6757, train_loss: 55.2960
Epoch: 40, train_acc: 0.6667, val_acc: 0.6757, train_loss: 55.2172
Epoch: 41, train_acc: 0.6667, val_acc: 0.6757, train_loss: 55.1411
Epoch: 42, train_acc: 0.6667, val_acc: 0.6757, train_loss: 55.0680
Epoch: 43, train_acc: 0.6667, val_acc: 0.6757, train_loss: 54.9977
Epoch: 44, train_acc: 0.6667, val_acc: 0.6757, train_loss: 54.9297
Epoch: 45, train_acc: 0.6667, val_acc: 0.6757, train_loss: 54.8642
Epoch: 46, train_acc: 0.6667, val_acc: 0.6757, train_loss: 54.8011
Epoch: 47, train_acc: 0.6667, val_acc: 0.6757, train_loss: 54.7410
Epoch: 48, train_acc: 0.6667, val_acc: 0.6757, train_loss: 54.6830
Epoch: 49, train_acc: 0.6667, val_acc: 0.6757, train_loss: 54.6276
Epoch: 50, train_acc: 0.6667, val_acc: 0.6757, train_loss: 54.5751
Epoch: 51, train_acc: 0.6667, val_acc: 0.6757, train_loss: 54.5225
Epoch: 52, train_acc: 0.6667, val_acc: 0.6757, train_loss: 54.4737
Epoch: 53, train_acc: 0.6667, val_acc: 0.6757, train_loss: 54.4270
Epoch: 54, train_acc: 0.6667, val_acc: 0.6757, train_loss: 54.3804
Epoch: 55, train_acc: 0.6667, val_acc: 0.6757, train_loss: 54.3374
Epoch: 56, train_acc: 0.6667, val_acc: 0.6757, train_loss: 54.2950
Epoch: 57, train_acc: 0.6667, val_acc: 0.6757, train_loss: 54.2546
Epoch: 58, train_acc: 0.6667, val_acc: 0.6757, train_loss: 54.2161
Epoch: 59, train_acc: 0.6667, val_acc: 0.6757, train_loss: 54.1783
Epoch: 60, train_acc: 0.6667, val_acc: 0.6757, train_loss: 54.1426
Epoch: 61, train_acc: 0.6667, val_acc: 0.6757, train_loss: 54.1079
Epoch: 62, train_acc: 0.6667, val_acc: 0.6757, train_loss: 54.0753
Epoch: 63, train_acc: 0.6667, val_acc: 0.6757, train_loss: 54.0434
Epoch: 64, train_acc: 0.6667, val_acc: 0.6757, train_loss: 54.0138
Epoch: 65, train_acc: 0.6667, val_acc: 0.6757, train_loss: 53.9853
Epoch: 66, train_acc: 0.6667, val_acc: 0.6757, train_loss: 53.9562
Epoch: 67, train_acc: 0.6667, val_acc: 0.6757, train_loss: 53.9286
Epoch: 68, train_acc: 0.6667, val_acc: 0.6757, train_loss: 53.9031
Epoch: 69, train_acc: 0.6667, val_acc: 0.6757, train_loss: 53.8759
Epoch: 70, train_acc: 0.6667, val_acc: 0.6757, train_loss: 53.8525
Epoch: 71, train_acc: 0.6667, val_acc: 0.6757, train_loss: 53.8285
Epoch: 72, train_acc: 0.6667, val_acc: 0.6757, train_loss: 53.8064
Epoch: 73, train_acc: 0.6667, val_acc: 0.6757, train_loss: 53.7832
Epoch: 74, train_acc: 0.6667, val_acc: 0.6757, train_loss: 53.7628
Epoch: 75, train_acc: 0.6667, val_acc: 0.6757, train_loss: 53.7425
Epoch: 76, train_acc: 0.6667, val_acc: 0.6757, train_loss: 53.7223
Epoch: 77, train_acc: 0.6667, val_acc: 0.6757, train_loss: 53.7037
Epoch: 78, train_acc: 0.6667, val_acc: 0.6757, train_loss: 53.6853
Epoch: 79, train_acc: 0.6667, val_acc: 0.6757, train_loss: 53.6677
Epoch: 80, train_acc: 0.6667, val_acc: 0.6757, train_loss: 53.6502
Epoch: 81, train_acc: 0.6667, val_acc: 0.6757, train_loss: 53.6333
Epoch: 82, train_acc: 0.6667, val_acc: 0.6757, train_loss: 53.6177
Epoch: 83, train_acc: 0.6667, val_acc: 0.6757, train_loss: 53.6013
Epoch: 84, train_acc: 0.6667, val_acc: 0.6757, train_loss: 53.5857
Epoch: 85, train_acc: 0.6667, val_acc: 0.6757, train_loss: 53.5709
Epoch: 86, train_acc: 0.6667, val_acc: 0.6757, train_loss: 53.5560
Epoch: 87, train_acc: 0.6667, val_acc: 0.6757, train_loss: 53.5416
Epoch: 88, train_acc: 0.6667, val_acc: 0.6757, train_loss: 53.5280
Epoch: 89, train_acc: 0.6667, val_acc: 0.6757, train_loss: 53.5141
Epoch: 90, train_acc: 0.6667, val_acc: 0.6757, train_loss: 53.5012
Epoch: 91, train_acc: 0.6667, val_acc: 0.6757, train_loss: 53.4883
Epoch: 92, train_acc: 0.6667, val_acc: 0.6757, train_loss: 53.4753
Epoch: 93, train_acc: 0.6667, val_acc: 0.6757, train_loss: 53.4636
Epoch: 94, train_acc: 0.6667, val_acc: 0.6757, train_loss: 53.4511
Epoch: 95, train_acc: 0.6667, val_acc: 0.6757, train_loss: 53.4399
Epoch: 96, train_acc: 0.6667, val_acc: 0.6757, train_loss: 53.4285
Epoch: 97, train_acc: 0.6667, val_acc: 0.6757, train_loss: 53.4171
Epoch: 98, train_acc: 0.6667, val_acc: 0.6757, train_loss: 53.4069
Epoch: 99, train_acc: 0.6667, val_acc: 0.6757, train_loss: 53.3971
Epoch: 100, train_acc: 0.6667, val_acc: 0.6757, train_loss: 53.3889
Epoch: 101, train_acc: 0.6667, val_acc: 0.6757, train_loss: 53.3781
Epoch: 102, train_acc: 0.6667, val_acc: 0.6757, train_loss: 53.3684
Epoch: 103, train_acc: 0.6667, val_acc: 0.6757, train_loss: 53.3597
Epoch: 104, train_acc: 0.6667, val_acc: 0.6757, train_loss: 53.3504
Epoch: 105, train_acc: 0.6667, val_acc: 0.6757, train_loss: 53.3402
Epoch: 106, train_acc: 0.6667, val_acc: 0.6757, train_loss: 53.3323
Epoch: 107, train_acc: 0.6667, val_acc: 0.6757, train_loss: 53.3235
Epoch: 108, train_acc: 0.6667, val_acc: 0.6757, train_loss: 53.3147
Epoch: 109, train_acc: 0.6667, val_acc: 0.6757, train_loss: 53.3060
Epoch: 110, train_acc: 0.6667, val_acc: 0.6757, train_loss: 53.2979
Epoch: 111, train_acc: 0.6667, val_acc: 0.6757, train_loss: 53.2901
Epoch: 112, train_acc: 0.6667, val_acc: 0.6757, train_loss: 53.2817
Epoch: 113, train_acc: 0.6667, val_acc: 0.6757, train_loss: 53.2743
Epoch: 114, train_acc: 0.6667, val_acc: 0.6757, train_loss: 53.2668
Epoch: 115, train_acc: 0.6667, val_acc: 0.6757, train_loss: 53.2587
Epoch: 116, train_acc: 0.6667, val_acc: 0.6757, train_loss: 53.2517
Epoch: 117, train_acc: 0.6667, val_acc: 0.6757, train_loss: 53.2447
Epoch: 118, train_acc: 0.6667, val_acc: 0.6757, train_loss: 53.2372
Epoch: 119, train_acc: 0.6667, val_acc: 0.6757, train_loss: 53.2312
Epoch: 120, train_acc: 0.6667, val_acc: 0.6757, train_loss: 53.2226
Epoch: 121, train_acc: 0.6667, val_acc: 0.6757, train_loss: 53.2160
Epoch: 122, train_acc: 0.6667, val_acc: 0.6757, train_loss: 53.2090
Epoch: 123, train_acc: 0.6667, val_acc: 0.6757, train_loss: 53.2019
Epoch: 124, train_acc: 0.6667, val_acc: 0.6757, train_loss: 53.1952
Epoch: 125, train_acc: 0.6667, val_acc: 0.6757, train_loss: 53.1884
Epoch: 126, train_acc: 0.6667, val_acc: 0.6757, train_loss: 53.1853
Epoch: 127, train_acc: 0.6667, val_acc: 0.6757, train_loss: 53.1745
Epoch: 128, train_acc: 0.6667, val_acc: 0.6757, train_loss: 53.1701
Epoch: 129, train_acc: 0.6667, val_acc: 0.6757, train_loss: 53.1597
Epoch: 130, train_acc: 0.6667, val_acc: 0.6757, train_loss: 53.1534
Epoch: 131, train_acc: 0.6667, val_acc: 0.6757, train_loss: 53.1511
Epoch: 132, train_acc: 0.6667, val_acc: 0.6757, train_loss: 53.1458
Epoch: 133, train_acc: 0.6667, val_acc: 0.6757, train_loss: 53.1391
Epoch: 134, train_acc: 0.6667, val_acc: 0.6757, train_loss: 53.1305
Epoch: 135, train_acc: 0.6667, val_acc: 0.6757, train_loss: 53.1367
Epoch: 136, train_acc: 0.6667, val_acc: 0.6757, train_loss: 53.1259
Epoch: 137, train_acc: 0.6667, val_acc: 0.6757, train_loss: 53.1237
Epoch: 138, train_acc: 0.6667, val_acc: 0.6757, train_loss: 53.1184
Epoch: 139, train_acc: 0.6667, val_acc: 0.6757, train_loss: 53.1187
Epoch: 140, train_acc: 0.6667, val_acc: 0.6757, train_loss: 53.1094
Epoch: 141, train_acc: 0.6667, val_acc: 0.6757, train_loss: 53.1041
Epoch: 142, train_acc: 0.6667, val_acc: 0.6757, train_loss: 53.0964
Epoch: 143, train_acc: 0.6667, val_acc: 0.6757, train_loss: 53.0943
Epoch: 144, train_acc: 0.6667, val_acc: 0.6757, train_loss: 53.0888
Epoch: 145, train_acc: 0.6667, val_acc: 0.6757, train_loss: 53.0795
Epoch: 146, train_acc: 0.6667, val_acc: 0.6757, train_loss: 53.0745
Epoch: 147, train_acc: 0.6667, val_acc: 0.6757, train_loss: 53.0736
Epoch: 148, train_acc: 0.6667, val_acc: 0.6757, train_loss: 53.0745
Epoch: 149, train_acc: 0.6667, val_acc: 0.6757, train_loss: 53.0647
Epoch: 150, train_acc: 0.6667, val_acc: 0.6757, train_loss: 53.0573
Epoch: 151, train_acc: 0.6667, val_acc: 0.6757, train_loss: 53.0646
Epoch: 152, train_acc: 0.6667, val_acc: 0.6757, train_loss: 53.0560
Epoch: 153, train_acc: 0.6667, val_acc: 0.6757, train_loss: 53.0542
Epoch: 154, train_acc: 0.6667, val_acc: 0.6757, train_loss: 53.0485
Epoch: 155, train_acc: 0.6667, val_acc: 0.6757, train_loss: 53.0455
Epoch: 156, train_acc: 0.6667, val_acc: 0.6757, train_loss: 53.0333
Epoch: 157, train_acc: 0.6667, val_acc: 0.6757, train_loss: 53.0252
Epoch: 158, train_acc: 0.6667, val_acc: 0.6757, train_loss: 53.0250
Epoch: 159, train_acc: 0.6667, val_acc: 0.6757, train_loss: 53.0154
Epoch: 160, train_acc: 0.6667, val_acc: 0.6757, train_loss: 53.0228
Epoch: 161, train_acc: 0.6667, val_acc: 0.6757, train_loss: 53.0222
Epoch: 162, train_acc: 0.6667, val_acc: 0.6757, train_loss: 53.0126
Epoch: 163, train_acc: 0.6667, val_acc: 0.6757, train_loss: 53.0062
Epoch: 164, train_acc: 0.6667, val_acc: 0.6757, train_loss: 52.9981
Epoch: 165, train_acc: 0.6667, val_acc: 0.6757, train_loss: 52.9920
Epoch: 166, train_acc: 0.6667, val_acc: 0.6757, train_loss: 52.9921
Epoch: 167, train_acc: 0.6667, val_acc: 0.6757, train_loss: 52.9977
Epoch: 168, train_acc: 0.6667, val_acc: 0.6757, train_loss: 52.9887
Epoch: 169, train_acc: 0.6667, val_acc: 0.6757, train_loss: 52.9703
Epoch: 170, train_acc: 0.6667, val_acc: 0.6757, train_loss: 52.9661
Epoch: 171, train_acc: 0.6667, val_acc: 0.6757, train_loss: 52.9653
Epoch: 172, train_acc: 0.6667, val_acc: 0.6757, train_loss: 52.9511
Epoch: 173, train_acc: 0.6667, val_acc: 0.6757, train_loss: 52.9616
Epoch: 174, train_acc: 0.6667, val_acc: 0.6757, train_loss: 52.9652
Epoch: 175, train_acc: 0.6667, val_acc: 0.6757, train_loss: 52.9595
Epoch: 176, train_acc: 0.6667, val_acc: 0.6757, train_loss: 52.9488
Epoch: 177, train_acc: 0.6667, val_acc: 0.6757, train_loss: 52.9426
Epoch: 178, train_acc: 0.6667, val_acc: 0.6757, train_loss: 52.9503
Epoch: 179, train_acc: 0.6667, val_acc: 0.6757, train_loss: 52.9473
Epoch: 180, train_acc: 0.6667, val_acc: 0.6757, train_loss: 52.9342
Epoch: 181, train_acc: 0.6667, val_acc: 0.6757, train_loss: 52.9465
Epoch: 182, train_acc: 0.6667, val_acc: 0.6757, train_loss: 52.9544
Epoch: 183, train_acc: 0.6667, val_acc: 0.6757, train_loss: 52.9686
Epoch: 184, train_acc: 0.6667, val_acc: 0.6757, train_loss: 52.9660
Epoch: 185, train_acc: 0.6667, val_acc: 0.6757, train_loss: 52.9500
Epoch: 186, train_acc: 0.6667, val_acc: 0.6757, train_loss: 52.9369
Epoch: 187, train_acc: 0.6667, val_acc: 0.6757, train_loss: 52.9269
Epoch: 188, train_acc: 0.6667, val_acc: 0.6757, train_loss: 52.9285
Epoch: 189, train_acc: 0.6667, val_acc: 0.6757, train_loss: 52.9220
Epoch: 190, train_acc: 0.6667, val_acc: 0.6757, train_loss: 52.9206
Epoch: 191, train_acc: 0.6667, val_acc: 0.6757, train_loss: 52.9151
Epoch: 192, train_acc: 0.6667, val_acc: 0.6757, train_loss: 52.9080
Epoch: 193, train_acc: 0.6667, val_acc: 0.6757, train_loss: 52.9177
Epoch: 194, train_acc: 0.6667, val_acc: 0.6757, train_loss: 52.9200
Epoch: 195, train_acc: 0.6667, val_acc: 0.6757, train_loss: 52.9127
Epoch: 196, train_acc: 0.6667, val_acc: 0.6757, train_loss: 52.8981
Epoch: 197, train_acc: 0.6667, val_acc: 0.6757, train_loss: 52.9056
Epoch: 198, train_acc: 0.6667, val_acc: 0.6757, train_loss: 52.9115
Epoch: 199, train_acc: 0.6667, val_acc: 0.6757, train_loss: 52.9059
/nas/home/jahin/Aethelred/_ref_pgnncert/edge_hash.py:284: FutureWarning: You are using `torch.load` with `weights_only=False` (the current default value), which uses the default pickle module implicitly. It is possible to construct malicious pickle data which will execute arbitrary code during unpickling (See https://github.com/pytorch/pytorch/blob/main/SECURITY.md#untrusted-models for more details). In a future release, the default value for `weights_only` will be flipped to `True`. This limits the functions that could be executed during unpickling. Arbitrary objects will no longer be allowed to be loaded via this mode unless they are explicitly allowlisted by the user via `torch.serialization.add_safe_globals`. We recommend you start setting `weights_only=True` for any use case where you don't have full control of the loaded file. Please open an issue on GitHub for any issues related to this experimental feature.
  checkpoint = torch.load(path+f"_{i}", map_location=self.device)

PGNNCert-E:
  Test Accuracy: 0.6552
  Time: 5837.3s
  Certified accuracy at p=0: 0.6552
  Certified accuracy at p=5: 0.6552
  Certified accuracy at p=10: 0.6552
  Certified accuracy at p=15: 0.5690

Summary:
  PGNNCert-E   | Acc: 0.6552 | Time: 5837.3s

Results saved to results/graph_MUTAG_GCN_T50.json
