/nas/home/jahin/.local/lib/python3.12/site-packages/pgmpy/estimators/__init__.py:4: FutureWarning: `pgmpy.estimators.StructureScore` is deprecated and will be removed in v1.3.0. Use `pgmpy.structure_score` instead.
  from .StructureScore import (
/nas/home/jahin/Aethelred/baselines/XGNNCert/graphxai/explainers/__init__.py:13: UserWarning: [graphxai.explainers] optional explainer PGMExplainer unavailable: ImportError: cannot import name 'BicScore' from 'pgmpy.estimators' (/nas/home/jahin/.local/lib/python3.12/site-packages/pgmpy/estimators/__init__.py)
  _warnings.warn(f"[graphxai.explainers] optional explainer {name} "
[xgnncert] Benzene: 12000 graphs, dim_node=14, T=20, p=0.3
0/12000
100/12000
200/12000
300/12000
400/12000
500/12000
600/12000
700/12000
800/12000
900/12000
1000/12000
1100/12000
1200/12000
1300/12000
1400/12000
1500/12000
1600/12000
1700/12000
1800/12000
1900/12000
2000/12000
2100/12000
2200/12000
2300/12000
2400/12000
2500/12000
2600/12000
2700/12000
2800/12000
2900/12000
3000/12000
3100/12000
3200/12000
3300/12000
3400/12000
3500/12000
3600/12000
3700/12000
3800/12000
3900/12000
4000/12000
4100/12000
4200/12000
4300/12000
4400/12000
4500/12000
4600/12000
4700/12000
4800/12000
4900/12000
5000/12000
5100/12000
5200/12000
5300/12000
5400/12000
5500/12000
5600/12000
5700/12000
5800/12000
5900/12000
6000/12000
6100/12000
6200/12000
6300/12000
6400/12000
6500/12000
6600/12000
6700/12000
6800/12000
6900/12000
7000/12000
7100/12000
7200/12000
7300/12000
7400/12000
7500/12000
7600/12000
7700/12000
7800/12000
7900/12000
8000/12000
8100/12000
8200/12000
8300/12000
8400/12000
8500/12000
8600/12000
8700/12000
8800/12000
8900/12000
9000/12000
9100/12000
9200/12000
9300/12000
9400/12000
9500/12000
9600/12000
9700/12000
9800/12000
9900/12000
10000/12000
10100/12000
10200/12000
10300/12000
10400/12000
10500/12000
10600/12000
10700/12000
10800/12000
10900/12000
11000/12000
11100/12000
11200/12000
11300/12000
11400/12000
11500/12000
11600/12000
11700/12000
11800/12000
11900/12000
sumloss:52.638919830322266
[1. 1. 1. ... 1. 1. 0.]
[0. 0. 0. ... 1. 1. 1.]
sumloss:49.81953811645508
[1. 1. 0. ... 1. 0. 1.]
[1. 0. 0. ... 1. 0. 0.]
sumloss:48.573265075683594
[1. 0. 1. ... 0. 0. 0.]
[0. 0. 1. ... 0. 1. 0.]
  ep003 val_f1=0.7198 (best=0.7198)

[xgnncert] RESULTS {
  "method": "XGNNCert",
  "dataset": "Benzene",
  "T": 20,
  "p": 0.3,
  "tau": 0.3,
  "k": 12,
  "n_test": 6,
  "base_explainer": "GNNExplainer",
  "budgets": [
    0,
    1,
    2,
    4
  ],
  "pred_certified_acc": {
    "0": 1.0,
    "1": 1.0,
    "2": 1.0,
    "4": 1.0
  },
  "expl_stability_frac": {
    "0": 0.0,
    "1": 0.0,
    "2": 0.0,
    "4": 0.0
  },
  "faithfulness_precision_at_k": 0.0,
  "certified_faithfulness_frac": {
    "0": 0.0,
    "1": 0.0,
    "2": 0.0,
    "4": 0.0
  }
}
[xgnncert] saved -> /nas/home/jahin/Aethelred/results/phase2_xgnncert_Benzene.json
