/nas/home/jahin/.local/lib/python3.12/site-packages/pgmpy/estimators/__init__.py:4: FutureWarning: `pgmpy.estimators.StructureScore` is deprecated and will be removed in v1.3.0. Use `pgmpy.structure_score` instead.
  from .StructureScore import (
/nas/home/jahin/Aethelred/baselines/XGNNCert/graphxai/explainers/__init__.py:13: UserWarning: [graphxai.explainers] optional explainer PGMExplainer unavailable: ImportError: cannot import name 'BicScore' from 'pgmpy.estimators' (/nas/home/jahin/.local/lib/python3.12/site-packages/pgmpy/estimators/__init__.py)
  _warnings.warn(f"[graphxai.explainers] optional explainer {name} "
[xgnncert] Benzene: 12000 graphs, dim_node=14, T=70, p=0.3
0/12000
100/12000
200/12000
300/12000
400/12000
500/12000
600/12000
700/12000
800/12000
900/12000
1000/12000
1100/12000
1200/12000
1300/12000
1400/12000
1500/12000
1600/12000
1700/12000
1800/12000
1900/12000
2000/12000
2100/12000
2200/12000
2300/12000
2400/12000
2500/12000
2600/12000
2700/12000
2800/12000
2900/12000
3000/12000
3100/12000
3200/12000
3300/12000
3400/12000
3500/12000
3600/12000
3700/12000
3800/12000
3900/12000
4000/12000
4100/12000
4200/12000
4300/12000
4400/12000
4500/12000
4600/12000
4700/12000
4800/12000
4900/12000
5000/12000
5100/12000
5200/12000
5300/12000
5400/12000
5500/12000
5600/12000
5700/12000
5800/12000
5900/12000
6000/12000
6100/12000
6200/12000
6300/12000
6400/12000
6500/12000
6600/12000
6700/12000
6800/12000
6900/12000
7000/12000
7100/12000
7200/12000
7300/12000
7400/12000
7500/12000
7600/12000
7700/12000
7800/12000
7900/12000
8000/12000
8100/12000
8200/12000
8300/12000
8400/12000
8500/12000
8600/12000
8700/12000
8800/12000
8900/12000
9000/12000
9100/12000
9200/12000
9300/12000
9400/12000
9500/12000
9600/12000
9700/12000
9800/12000
9900/12000
10000/12000
10100/12000
10200/12000
10300/12000
10400/12000
10500/12000
10600/12000
10700/12000
10800/12000
10900/12000
11000/12000
11100/12000
11200/12000
11300/12000
11400/12000
11500/12000
11600/12000
11700/12000
11800/12000
11900/12000
sumloss:164.69607543945312
[1. 0. 1. ... 1. 0. 1.]
[1. 1. 0. ... 1. 1. 1.]
sumloss:155.65061950683594
[1. 0. 1. ... 0. 1. 1.]
[1. 0. 0. ... 0. 0. 1.]
sumloss:154.30398559570312
[1. 0. 1. ... 1. 0. 0.]
[1. 0. 1. ... 0. 1. 0.]
sumloss:153.48085021972656
[0. 0. 1. ... 0. 1. 1.]
[0. 0. 0. ... 1. 0. 1.]
sumloss:152.8888702392578
[0. 1. 0. ... 1. 0. 0.]
[0. 1. 0. ... 1. 1. 0.]
sumloss:152.41297912597656
[1. 1. 1. ... 0. 0. 1.]
[1. 1. 1. ... 0. 0. 1.]
sumloss:151.7349090576172
[0. 1. 0. ... 1. 1. 0.]
[0. 1. 0. ... 1. 1. 0.]
sumloss:151.49607849121094
[0. 0. 1. ... 1. 1. 0.]
[0. 0. 1. ... 1. 1. 1.]
sumloss:151.3945770263672
[1. 0. 1. ... 0. 0. 0.]
[1. 0. 1. ... 0. 0. 1.]
sumloss:151.05625915527344
[0. 0. 0. ... 1. 0. 1.]
[0. 0. 0. ... 0. 0. 1.]
  ep010 val_f1=0.6802 (best=0.7351)
sumloss:150.91647338867188
[1. 1. 0. ... 0. 1. 0.]
[0. 1. 1. ... 0. 1. 0.]
sumloss:150.80496215820312
[0. 1. 0. ... 1. 1. 1.]
[0. 0. 0. ... 0. 1. 1.]
sumloss:150.74830627441406
[0. 0. 1. ... 0. 1. 0.]
[0. 0. 0. ... 0. 1. 0.]
sumloss:150.46401977539062
[1. 0. 0. ... 1. 0. 0.]
[0. 1. 0. ... 1. 0. 0.]
sumloss:150.38790893554688
[1. 1. 1. ... 1. 1. 0.]
[1. 0. 0. ... 0. 0. 0.]
sumloss:150.30714416503906
[1. 1. 0. ... 0. 0. 1.]
[1. 0. 0. ... 1. 0. 1.]
sumloss:150.2996063232422
[1. 1. 1. ... 1. 0. 1.]
[1. 1. 1. ... 1. 0. 0.]
sumloss:150.00914001464844
[0. 1. 1. ... 1. 0. 1.]
[0. 1. 1. ... 1. 1. 0.]
sumloss:149.7527618408203
[1. 0. 0. ... 0. 0. 0.]
[0. 0. 0. ... 0. 0. 1.]
sumloss:149.97052001953125
[1. 1. 1. ... 1. 1. 1.]
[1. 0. 1. ... 0. 1. 1.]
  ep020 val_f1=0.7276 (best=0.7351)
sumloss:149.5737762451172
[0. 1. 0. ... 1. 1. 0.]
[0. 0. 0. ... 1. 1. 0.]
sumloss:149.49375915527344
[1. 0. 1. ... 1. 0. 1.]
[1. 0. 1. ... 1. 0. 1.]
sumloss:149.41140747070312
[0. 0. 0. ... 0. 1. 1.]
[1. 0. 0. ... 0. 1. 0.]
sumloss:149.28775024414062
[1. 0. 0. ... 1. 0. 0.]
[1. 0. 0. ... 1. 0. 0.]
sumloss:149.02647399902344
[1. 1. 1. ... 0. 0. 0.]
[0. 1. 0. ... 1. 1. 0.]
sumloss:149.16912841796875
[1. 1. 0. ... 0. 0. 0.]
[1. 0. 0. ... 1. 0. 0.]
sumloss:148.80125427246094
[0. 0. 0. ... 1. 0. 1.]
[1. 0. 0. ... 1. 0. 1.]
sumloss:148.74864196777344
[1. 0. 0. ... 0. 0. 1.]
[0. 0. 1. ... 0. 0. 1.]
sumloss:148.9255828857422
[1. 1. 0. ... 1. 0. 1.]
[1. 1. 0. ... 0. 1. 1.]
sumloss:148.6728973388672
[1. 0. 0. ... 0. 1. 1.]
[1. 0. 0. ... 0. 1. 1.]
  ep030 val_f1=0.7213 (best=0.7357)
sumloss:148.37710571289062
[0. 0. 0. ... 1. 1. 1.]
[0. 0. 1. ... 1. 1. 0.]
sumloss:148.4394989013672
[0. 1. 1. ... 0. 1. 1.]
[0. 0. 1. ... 0. 1. 1.]
sumloss:148.49053955078125
[0. 0. 1. ... 1. 1. 0.]
[0. 0. 1. ... 0. 1. 0.]
sumloss:148.11203002929688
[0. 1. 1. ... 0. 0. 1.]
[0. 1. 0. ... 0. 0. 1.]
sumloss:147.99609375
[0. 0. 1. ... 0. 0. 1.]
[0. 1. 1. ... 0. 0. 0.]
sumloss:148.12452697753906
[0. 1. 0. ... 1. 1. 1.]
[0. 1. 0. ... 1. 1. 1.]
sumloss:148.05870056152344
[0. 1. 0. ... 0. 0. 0.]
[1. 1. 0. ... 1. 1. 0.]
sumloss:147.91395568847656
[0. 1. 0. ... 1. 1. 0.]
[0. 1. 1. ... 0. 1. 0.]
sumloss:148.1119384765625
[0. 1. 1. ... 1. 0. 0.]
[0. 0. 1. ... 0. 0. 1.]
sumloss:147.83737182617188
[1. 0. 1. ... 0. 1. 0.]
[1. 0. 1. ... 1. 0. 1.]
  ep040 val_f1=0.7302 (best=0.7357)
sumloss:147.71490478515625
[1. 1. 0. ... 1. 0. 1.]
[0. 0. 0. ... 1. 0. 1.]
sumloss:147.89280700683594
[1. 0. 1. ... 1. 1. 0.]
[1. 0. 0. ... 1. 0. 0.]
sumloss:147.682861328125
[1. 0. 0. ... 1. 1. 0.]
[0. 0. 0. ... 1. 1. 0.]
sumloss:147.5758819580078
[0. 1. 1. ... 1. 0. 1.]
[0. 1. 1. ... 1. 1. 1.]
sumloss:147.5608673095703
[0. 0. 0. ... 0. 0. 1.]
[1. 0. 0. ... 0. 1. 1.]
sumloss:147.3491973876953
[1. 1. 1. ... 0. 1. 1.]
[0. 1. 0. ... 1. 0. 1.]
sumloss:147.56126403808594
[0. 0. 0. ... 1. 0. 0.]
[1. 0. 0. ... 1. 0. 0.]
sumloss:147.10963439941406
[0. 1. 0. ... 0. 1. 1.]
[0. 0. 0. ... 0. 0. 0.]
sumloss:147.3332061767578
[1. 0. 1. ... 1. 0. 1.]
[1. 0. 1. ... 0. 0. 1.]
sumloss:147.28775024414062
[1. 0. 1. ... 0. 1. 1.]
[1. 0. 1. ... 0. 1. 1.]
  ep050 val_f1=0.7194 (best=0.7357)
sumloss:147.29905700683594
[1. 1. 1. ... 0. 0. 0.]
[1. 1. 1. ... 0. 0. 0.]
sumloss:147.1824951171875
[1. 0. 1. ... 0. 1. 0.]
[1. 0. 1. ... 0. 0. 0.]
sumloss:147.36972045898438
[0. 1. 0. ... 0. 1. 1.]
[1. 0. 0. ... 0. 0. 1.]
sumloss:147.21243286132812
[1. 1. 1. ... 0. 0. 0.]
[0. 1. 1. ... 0. 0. 0.]
sumloss:146.95115661621094
[1. 1. 0. ... 1. 1. 0.]
[1. 1. 0. ... 1. 1. 0.]
sumloss:146.984130859375
[1. 1. 0. ... 1. 0. 1.]
[0. 0. 0. ... 1. 0. 0.]
sumloss:146.85693359375
[0. 1. 1. ... 1. 1. 0.]
[0. 1. 1. ... 1. 1. 1.]
sumloss:146.87860107421875
[0. 1. 0. ... 0. 1. 0.]
[0. 0. 0. ... 0. 0. 0.]
sumloss:146.78460693359375
[0. 0. 0. ... 0. 1. 1.]
[1. 0. 0. ... 0. 1. 1.]
sumloss:146.8761749267578
[1. 0. 0. ... 1. 0. 0.]
[0. 1. 0. ... 1. 0. 0.]
  ep060 val_f1=0.7049 (best=0.7386)
sumloss:146.82693481445312
[0. 0. 0. ... 0. 0. 1.]
[0. 1. 0. ... 0. 0. 1.]
sumloss:146.6324462890625
[0. 1. 0. ... 1. 1. 1.]
[0. 0. 0. ... 1. 1. 1.]
sumloss:146.74819946289062
[0. 1. 1. ... 1. 1. 0.]
[0. 1. 1. ... 1. 1. 0.]
sumloss:146.88475036621094
[1. 1. 1. ... 0. 0. 0.]
[1. 1. 1. ... 0. 0. 0.]
sumloss:146.4676971435547
[0. 1. 0. ... 0. 0. 1.]
[0. 0. 0. ... 0. 0. 0.]
sumloss:146.58685302734375
[1. 0. 1. ... 1. 1. 0.]
[0. 0. 1. ... 1. 1. 0.]
sumloss:146.30209350585938
[0. 1. 0. ... 1. 0. 1.]
[0. 1. 0. ... 1. 0. 0.]
sumloss:146.38082885742188
[1. 0. 1. ... 0. 0. 0.]
[1. 0. 0. ... 1. 0. 0.]
sumloss:146.4392852783203
[0. 0. 0. ... 0. 1. 0.]
[1. 0. 0. ... 0. 0. 1.]
sumloss:146.2050018310547
[1. 1. 0. ... 1. 0. 0.]
[1. 1. 0. ... 1. 0. 0.]
  ep070 val_f1=0.6970 (best=0.7386)
sumloss:146.28575134277344
[0. 1. 1. ... 1. 1. 1.]
[1. 1. 1. ... 1. 1. 1.]
sumloss:146.13983154296875
[1. 0. 1. ... 1. 0. 1.]
[1. 1. 0. ... 1. 0. 1.]
sumloss:146.46090698242188
[0. 1. 0. ... 1. 0. 0.]
[1. 1. 1. ... 1. 0. 0.]
sumloss:146.31080627441406
[1. 1. 0. ... 0. 1. 0.]
[1. 0. 0. ... 1. 0. 1.]
sumloss:146.02784729003906
[1. 0. 0. ... 0. 0. 0.]
[1. 1. 0. ... 0. 1. 0.]
sumloss:146.00523376464844
[0. 0. 1. ... 1. 0. 1.]
[0. 0. 1. ... 1. 0. 1.]
sumloss:146.11614990234375
[0. 0. 1. ... 1. 0. 1.]
[0. 1. 1. ... 1. 1. 0.]
sumloss:146.12271118164062
[0. 1. 1. ... 0. 0. 1.]
[0. 1. 1. ... 0. 0. 1.]
sumloss:145.86021423339844
[1. 1. 1. ... 0. 1. 1.]
[1. 1. 0. ... 0. 0. 0.]
sumloss:145.9808349609375
[1. 0. 1. ... 0. 0. 0.]
[1. 0. 0. ... 1. 0. 0.]
  ep080 val_f1=0.7244 (best=0.7386)

[xgnncert] RESULTS {
  "method": "XGNNCert",
  "dataset": "Benzene",
  "T": 70,
  "p": 0.3,
  "tau": 0.3,
  "k": 12,
  "n_test": 30,
  "base_explainer": "GNNExplainer",
  "budgets": [
    0,
    1,
    2,
    3,
    4,
    6,
    8,
    10
  ],
  "pred_certified_acc": {
    "0": 1.0,
    "1": 1.0,
    "2": 0.8666666666666667,
    "3": 0.6666666666666666,
    "4": 0.5,
    "6": 0.03333333333333333,
    "8": 0.0,
    "10": 0.0
  },
  "expl_stability_frac": {
    "0": 0.0,
    "1": 0.0,
    "2": 0.0,
    "3": 0.0,
    "4": 0.0,
    "6": 0.0,
    "8": 0.0,
    "10": 0.0
  },
  "faithfulness_precision_at_k": 0.0,
  "certified_faithfulness_frac": {
    "0": 0.0,
    "1": 0.0,
    "2": 0.0,
    "3": 0.0,
    "4": 0.0,
    "6": 0.0,
    "8": 0.0,
    "10": 0.0
  }
}
[xgnncert] saved -> /nas/home/jahin/Aethelred/results/phase2_xgnncert_Benzene.json
