usage: run_aethelred_comparison.py [-h] [--table TABLE]
                                   [--pgnncert_T PGNNCERT_T]
                                   [--max_test_nodes MAX_TEST_NODES]
                                   [--table2_datasets TABLE2_DATASETS [TABLE2_DATASETS ...]]
                                   [--meta_approx]
                                   [--meta_train_iters META_TRAIN_ITERS]
                                   [--nettack_budgets NETTACK_BUDGETS [NETTACK_BUDGETS ...]]
                                   [--pgd_node_budgets PGD_NODE_BUDGETS [PGD_NODE_BUDGETS ...]]
                                   [--pgd_graph_budgets PGD_GRAPH_BUDGETS [PGD_GRAPH_BUDGETS ...]]
                                   [--pgd_epochs PGD_EPOCHS]
                                   [--pgd_steps PGD_STEPS]
                                   [--pgd_node_datasets PGD_NODE_DATASETS [PGD_NODE_DATASETS ...]]
                                   [--pgd_graph_datasets PGD_GRAPH_DATASETS [PGD_GRAPH_DATASETS ...]]
                                   [--no_graph] [--no_node] [--figure FIGURE]
                                   [--all] [--quick]
                                   [--epochs_expl EPOCHS_EXPL]
                                   [--n_stab_trials N_STAB_TRIALS]
                                   [--stab_budget STAB_BUDGET]
                                   [--expl_mask_budget EXPL_MASK_BUDGET]
                                   [--expl_spar_w EXPL_SPAR_W]
                                   [--expl_ent_w EXPL_ENT_W]
                                   [--expl_ctx_w EXPL_CTX_W]
                                   [--expl_adv_w EXPL_ADV_W]
                                   [--expl_irm_w EXPL_IRM_W]
                                   [--expl_cert_w EXPL_CERT_W]
                                   [--expl_eps_ibp EXPL_EPS_IBP]
                                   [--expl_arch EXPL_ARCH]
                                   [--expl_hidden_causal EXPL_HIDDEN_CAUSAL]
                                   [--expl_hidden_focal EXPL_HIDDEN_FOCAL]
                                   [--expl_num_focal_layers EXPL_NUM_FOCAL_LAYERS]
                                   [--expl_lr EXPL_LR] [--expl_wd EXPL_WD]
                                   [--expl_batch_size EXPL_BATCH_SIZE]
                                   [--n_seeds N_SEEDS]
                                   [--ablation_n_seeds ABLATION_N_SEEDS]
                                   [--expl_n_seeds EXPL_N_SEEDS]
                                   [--adaptive_datasets ADAPTIVE_DATASETS [ADAPTIVE_DATASETS ...]]
                                   [--adaptive_p_budgets ADAPTIVE_P_BUDGETS [ADAPTIVE_P_BUDGETS ...]]
                                   [--adaptive_ibp_epsilons ADAPTIVE_IBP_EPSILONS [ADAPTIVE_IBP_EPSILONS ...]]
                                   [--adaptive_pgd_epochs ADAPTIVE_PGD_EPOCHS]
                                   [--adaptive_lambda_mask ADAPTIVE_LAMBDA_MASK]
                                   [--adaptive_hijack_n ADAPTIVE_HIJACK_N]
                                   [--adaptive_hijack_cands ADAPTIVE_HIJACK_CANDS]
                                   [--adaptive_top_k_frac ADAPTIVE_TOP_K_FRAC]
                                   [--adaptive_ibp_max_nodes ADAPTIVE_IBP_MAX_NODES]
                                   [--adaptive_cert_trials ADAPTIVE_CERT_TRIALS]
                                   [--adaptive_skip_baseline]
                                   [--expl_gt_seeds EXPL_GT_SEEDS]
                                   [--expl_gt_epochs EXPL_GT_EPOCHS]
                                   [--expl_gt_gnn_epochs EXPL_GT_GNN_EPOCHS]
                                   [--expl_gt_topk EXPL_GT_TOPK]
                                   [--expl_gt_n_nodes EXPL_GT_N_NODES]
                                   [--single_bias SINGLE_BIAS] [--k K]
                                   [--no_dir] [--task {node,graph}]
                                   [--arch {GCN,GSAGE,GAT}]
                                   [--dataset DATASET] [--epochs EPOCHS]
                                   [--lr LR] [--num_envs NUM_ENVS]
                                   [--hidden_focal HIDDEN_FOCAL]
                                   [--hidden_causal HIDDEN_CAUSAL]
                                   [--num_focal_layers NUM_FOCAL_LAYERS]
                                   [--batch_size BATCH_SIZE]
                                   [--edge_drop_rate EDGE_DROP_RATE]
                                   [--alpha ALPHA] [--beta BETA]
                                   [--gamma GAMMA] [--delta DELTA]
                                   [--epsilon EPSILON] [--ibp_eps IBP_EPS]
                                   [--force_retrain] [--plot_only]
                                   [--ablation_epochs ABLATION_EPOCHS]
                                   [--ablation_rob_budget ABLATION_ROB_BUDGET]
                                   [--ablation_cert_eps ABLATION_CERT_EPS]
                                   [--ablation_max_cert ABLATION_MAX_CERT]
                                   [--ablation_cert_trials ABLATION_CERT_TRIALS]
                                   [--ablation_pgd_steps ABLATION_PGD_STEPS]
                                   [--ablation_robust_probe {structural,pgd,both}]
                                   [--ablation_stability_metric {faithful,jaccard,spearman,exact}]
                                   [--ablation_preset {auto,node,graph}]
                                   [--ablation_pgd_eps_node ABLATION_PGD_EPS_NODE]
                                   [--ablation_pgd_eps_graph ABLATION_PGD_EPS_GRAPH]
                                   [--ablation_stab_eps_node ABLATION_STAB_EPS_NODE]
                                   [--ablation_stab_eps_graph ABLATION_STAB_EPS_GRAPH]
                                   [--ablation_structural_rate_node ABLATION_STRUCTURAL_RATE_NODE]
                                   [--ablation_structural_rate_graph ABLATION_STRUCTURAL_RATE_GRAPH]
                                   [--ablation_topk_frac ABLATION_TOPK_FRAC]
                                   [--ablation_semantic_n_perturb ABLATION_SEMANTIC_N_PERTURB]
                                   [--fig4_dataset FIG4_DATASET]
                                   [--fig4_hops FIG4_HOPS]
                                   [--fig4_top_k_frac FIG4_TOP_K_FRAC]
                                   [--fig4_pgd_eps FIG4_PGD_EPS]
                                   [--fig4_pgd_steps FIG4_PGD_STEPS]
                                   [--fig4_node FIG4_NODE]
                                   [--fig3_epochs FIG3_EPOCHS]
                                   [--fig3_cert_trials FIG3_CERT_TRIALS]
                                   [--fig3_max_cert FIG3_MAX_CERT]
                                   [--cert_sweep_epsilons CERT_SWEEP_EPSILONS [CERT_SWEEP_EPSILONS ...]]
                                   [--cert_sweep_max_nodes CERT_SWEEP_MAX_NODES]
                                   [--cert_sweep_max_graphs CERT_SWEEP_MAX_GRAPHS]
                                   [--cert_sweep_node_datasets CERT_SWEEP_NODE_DATASETS [CERT_SWEEP_NODE_DATASETS ...]]
                                   [--cert_sweep_graph_datasets CERT_SWEEP_GRAPH_DATASETS [CERT_SWEEP_GRAPH_DATASETS ...]]
                                   [--cert_sweep_trials CERT_SWEEP_TRIALS]
run_aethelred_comparison.py: error: unrecognized arguments: --seed 42
