
------------------------------------------------------------------------
  AETHELRED -- CHECKPOINT STATUS & RETRAIN GUIDE
------------------------------------------------------------------------
  Aethelred   : 30 saved checkpoint(s) ? will be OVERWRITTEN this run
                (aethelred_node_GCN_clean_s316, aethelred_graph_GAT_clean_s179, aethelred_graph_GAT_clean_s316, aethelred_graph_GAT_clean_s42...)
  PGNNCert    : no checkpoints -> trains from scratch

  WHEN TO USE  --force_retrain
  -----------------------------------------------------------------
  YES ? must retrain:
    * After changing FULL_HPARAMS / FULL_ROBUST_HPARAMS
    * After changing --arch (GCN -> GAT etc.)
    * Final NeurIPS submission run (clean slate, 5 seeds)

  NO  ? retrain not needed:
    * Changing evaluation budgets (--pgnncert_T, --pgd_node_budgets)
    * Re-running Tables 5/6 or Figure 1 (always train fresh)
    * Changing --epochs_expl or --expl_n_seeds
------------------------------------------------------------------------

Epoch: 0, train_acc: 0.0595, val_acc: 0.0591, loss: 2.3240
Val improved
Epoch: 10, train_acc: 0.3737, val_acc: 0.3737, loss: 2.1774
Val improved
Epoch: 20, train_acc: 0.3754, val_acc: 0.3759, loss: 2.0995
Epoch: 30, train_acc: 0.3754, val_acc: 0.3759, loss: 2.0343
Epoch: 40, train_acc: 0.3759, val_acc: 0.3759, loss: 1.9699
Epoch: 50, train_acc: 0.4281, val_acc: 0.4182, loss: 1.8939
Val improved
Epoch: 60, train_acc: 0.5710, val_acc: 0.5518, loss: 1.8007
Val improved
Epoch: 70, train_acc: 0.6710, val_acc: 0.6584, loss: 1.7077
Val improved
Epoch: 80, train_acc: 0.7095, val_acc: 0.6956, loss: 1.6286
Val improved
Epoch: 90, train_acc: 0.7202, val_acc: 0.7044, loss: 1.5608
Epoch: 100, train_acc: 0.7270, val_acc: 0.7080, loss: 1.5050
Val improved
Epoch: 110, train_acc: 0.7365, val_acc: 0.7146, loss: 1.4596
Val improved
Epoch: 120, train_acc: 0.7479, val_acc: 0.7263, loss: 1.4231
Val improved
Epoch: 130, train_acc: 0.7598, val_acc: 0.7394, loss: 1.3942
Epoch: 140, train_acc: 0.7678, val_acc: 0.7489, loss: 1.3722
Epoch: 150, train_acc: 0.7729, val_acc: 0.7547, loss: 1.3561
Val improved
Epoch: 160, train_acc: 0.7743, val_acc: 0.7555, loss: 1.3452
Epoch: 170, train_acc: 0.7753, val_acc: 0.7569, loss: 1.3385
Val improved
Epoch: 180, train_acc: 0.7768, val_acc: 0.7591, loss: 1.3350
Epoch: 190, train_acc: 0.7775, val_acc: 0.7599, loss: 1.3337
  [ckpt] Saved -> checkpoints/aethelred_node_GCN_clean/Amazon-C/best_model  test_acc=0.7724

Final test accuracy on Amazon-C: 0.7724
