
------------------------------------------------------------------------
  AETHELRED -- CHECKPOINT STATUS & RETRAIN GUIDE
------------------------------------------------------------------------
  Aethelred   : 30 saved checkpoint(s) ? will be OVERWRITTEN this run
                (aethelred_node_GCN_clean_s316, aethelred_graph_GAT_clean_s179, aethelred_graph_GAT_clean_s316, aethelred_graph_GAT_clean_s42...)
  PGNNCert    : no checkpoints -> trains from scratch

  WHEN TO USE  --force_retrain
  -----------------------------------------------------------------
  YES ? must retrain:
    * After changing FULL_HPARAMS / FULL_ROBUST_HPARAMS
    * After changing --arch (GCN -> GAT etc.)
    * Final NeurIPS submission run (clean slate, 5 seeds)

  NO  ? retrain not needed:
    * Changing evaluation budgets (--pgnncert_T, --pgd_node_budgets)
    * Re-running Tables 5/6 or Figure 1 (always train fresh)
    * Changing --epochs_expl or --expl_n_seeds
------------------------------------------------------------------------

Epoch: 0, train_acc: 0.0595, val_acc: 0.0591, loss: 2.3466
Val improved
Epoch: 10, train_acc: 0.3737, val_acc: 0.3730, loss: 2.1802
Val improved
Epoch: 20, train_acc: 0.3754, val_acc: 0.3759, loss: 2.1019
Epoch: 30, train_acc: 0.3754, val_acc: 0.3759, loss: 2.0367
Epoch: 40, train_acc: 0.3759, val_acc: 0.3759, loss: 1.9730
Epoch: 50, train_acc: 0.4222, val_acc: 0.4146, loss: 1.8975
Val improved
Epoch: 60, train_acc: 0.5683, val_acc: 0.5474, loss: 1.8081
Val improved
Epoch: 70, train_acc: 0.6581, val_acc: 0.6489, loss: 1.7156
Val improved
Epoch: 80, train_acc: 0.7098, val_acc: 0.6956, loss: 1.6351
Val improved
Epoch: 90, train_acc: 0.7197, val_acc: 0.7036, loss: 1.5661
Epoch: 100, train_acc: 0.7256, val_acc: 0.7073, loss: 1.5096
Epoch: 110, train_acc: 0.7350, val_acc: 0.7153, loss: 1.4634
Val improved
Epoch: 120, train_acc: 0.7469, val_acc: 0.7226, loss: 1.4261
Val improved
Epoch: 130, train_acc: 0.7598, val_acc: 0.7401, loss: 1.3968
Val improved
Epoch: 140, train_acc: 0.7649, val_acc: 0.7482, loss: 1.3747
Val improved
Epoch: 150, train_acc: 0.7712, val_acc: 0.7569, loss: 1.3586
Val improved
Epoch: 160, train_acc: 0.7746, val_acc: 0.7577, loss: 1.3478
Epoch: 170, train_acc: 0.7751, val_acc: 0.7569, loss: 1.3411
Epoch: 180, train_acc: 0.7758, val_acc: 0.7569, loss: 1.3376
Epoch: 190, train_acc: 0.7768, val_acc: 0.7569, loss: 1.3363
  [ckpt] Saved -> checkpoints/aethelred_node_GCN_clean/Amazon-C/best_model  test_acc=0.7724

Final test accuracy on Amazon-C: 0.7724
