
------------------------------------------------------------------------
  AETHELRED -- CHECKPOINT STATUS & RETRAIN GUIDE
------------------------------------------------------------------------
  Aethelred   : 1 saved checkpoint(s) ? will be OVERWRITTEN this run
                (aethelred_node_GCN_clean)
  PGNNCert    : no checkpoints -> trains from scratch

  WHEN TO USE  --force_retrain
  -----------------------------------------------------------------
  YES ? must retrain:
    * After changing FULL_HPARAMS / FULL_ROBUST_HPARAMS
    * After changing --arch (GCN -> GAT etc.)
    * Final NeurIPS submission run (clean slate, 5 seeds)

  NO  ? retrain not needed:
    * Changing evaluation budgets (--pgnncert_T, --pgd_node_budgets)
    * Re-running Tables 5/6 or Figure 1 (always train fresh)
    * Changing --epochs_expl or --expl_n_seeds
------------------------------------------------------------------------


  [--force_retrain] Deleted 1 checkpoint group(s): aethelred_node_GCN_clean
Epoch: 0, train_acc: 0.2373, val_acc: 0.2445, loss: 2.2957
Val improved
Epoch: 10, train_acc: 0.3749, val_acc: 0.3752, loss: 2.1571
Epoch: 20, train_acc: 0.3752, val_acc: 0.3759, loss: 2.1034
Epoch: 30, train_acc: 0.3752, val_acc: 0.3759, loss: 2.0487
Epoch: 40, train_acc: 0.3752, val_acc: 0.3759, loss: 1.9951
Epoch: 50, train_acc: 0.3749, val_acc: 0.3759, loss: 1.9391
Epoch: 60, train_acc: 0.3955, val_acc: 0.3978, loss: 1.8839
Val improved
Epoch: 70, train_acc: 0.5363, val_acc: 0.5285, loss: 1.8300
Val improved
Epoch: 80, train_acc: 0.5746, val_acc: 0.5613, loss: 1.7797
Val improved
Epoch: 90, train_acc: 0.6241, val_acc: 0.6015, loss: 1.7368
Val improved
Epoch: 100, train_acc: 0.6435, val_acc: 0.6270, loss: 1.7006
Val improved
Epoch: 110, train_acc: 0.6569, val_acc: 0.6401, loss: 1.6711
Val improved
Epoch: 120, train_acc: 0.6680, val_acc: 0.6467, loss: 1.6473
Val improved
Epoch: 130, train_acc: 0.6758, val_acc: 0.6511, loss: 1.6289
Epoch: 140, train_acc: 0.6792, val_acc: 0.6540, loss: 1.6149
Epoch: 150, train_acc: 0.6814, val_acc: 0.6569, loss: 1.6049
Val improved
Epoch: 160, train_acc: 0.6836, val_acc: 0.6613, loss: 1.5981
Epoch: 170, train_acc: 0.6850, val_acc: 0.6606, loss: 1.5939
Epoch: 180, train_acc: 0.6853, val_acc: 0.6620, loss: 1.5918
Epoch: 190, train_acc: 0.6853, val_acc: 0.6620, loss: 1.5909
  [ckpt] Saved -> checkpoints/aethelred_node_GCN_clean/Amazon-C/best_model  test_acc=0.6702

Final test accuracy on Amazon-C: 0.6702
