
------------------------------------------------------------------------
  AETHELRED -- CHECKPOINT STATUS & RETRAIN GUIDE
------------------------------------------------------------------------
  Aethelred   : 1 saved checkpoint(s) ? will be OVERWRITTEN this run
                (aethelred_node_GCN_clean)
  PGNNCert    : no checkpoints -> trains from scratch

  WHEN TO USE  --force_retrain
  -----------------------------------------------------------------
  YES ? must retrain:
    * After changing FULL_HPARAMS / FULL_ROBUST_HPARAMS
    * After changing --arch (GCN -> GAT etc.)
    * Final NeurIPS submission run (clean slate, 5 seeds)

  NO  ? retrain not needed:
    * Changing evaluation budgets (--pgnncert_T, --pgd_node_budgets)
    * Re-running Tables 5/6 or Figure 1 (always train fresh)
    * Changing --epochs_expl or --expl_n_seeds
------------------------------------------------------------------------


  [--force_retrain] Deleted 1 checkpoint group(s): aethelred_node_GCN_clean
Epoch: 0, train_acc: 0.0595, val_acc: 0.0591, loss: 2.3430
Val improved
Epoch: 10, train_acc: 0.3735, val_acc: 0.3737, loss: 2.1777
Val improved
Epoch: 20, train_acc: 0.3754, val_acc: 0.3759, loss: 2.0979
Epoch: 30, train_acc: 0.3754, val_acc: 0.3759, loss: 2.0341
Epoch: 40, train_acc: 0.3759, val_acc: 0.3759, loss: 1.9722
Epoch: 50, train_acc: 0.4021, val_acc: 0.4029, loss: 1.9000
Val improved
Epoch: 60, train_acc: 0.5729, val_acc: 0.5526, loss: 1.8043
Val improved
Epoch: 70, train_acc: 0.6848, val_acc: 0.6672, loss: 1.7165
Val improved
Epoch: 80, train_acc: 0.7059, val_acc: 0.6847, loss: 1.6369
Val improved
Epoch: 90, train_acc: 0.7183, val_acc: 0.7029, loss: 1.5693
Val improved
Epoch: 100, train_acc: 0.7268, val_acc: 0.7088, loss: 1.5137
Val improved
Epoch: 110, train_acc: 0.7408, val_acc: 0.7182, loss: 1.4688
Val improved
Epoch: 120, train_acc: 0.7554, val_acc: 0.7372, loss: 1.4331
Val improved
Epoch: 130, train_acc: 0.7634, val_acc: 0.7489, loss: 1.4055
Val improved
Epoch: 140, train_acc: 0.7673, val_acc: 0.7496, loss: 1.3847
Epoch: 150, train_acc: 0.7692, val_acc: 0.7511, loss: 1.3699
Epoch: 160, train_acc: 0.7697, val_acc: 0.7496, loss: 1.3599
Epoch: 170, train_acc: 0.7707, val_acc: 0.7504, loss: 1.3538
Epoch: 180, train_acc: 0.7709, val_acc: 0.7518, loss: 1.3506
Epoch: 190, train_acc: 0.7717, val_acc: 0.7526, loss: 1.3494
  [ckpt] Saved -> checkpoints/aethelred_node_GCN_clean/Amazon-C/best_model  test_acc=0.7675

Final test accuracy on Amazon-C: 0.7675
