
------------------------------------------------------------------------
  AETHELRED -- CHECKPOINT STATUS & RETRAIN GUIDE
------------------------------------------------------------------------
  Aethelred   : 1 saved checkpoint(s) ? will be OVERWRITTEN this run
                (aethelred_node_GCN_clean)
  PGNNCert    : no checkpoints -> trains from scratch

  WHEN TO USE  --force_retrain
  -----------------------------------------------------------------
  YES ? must retrain:
    * After changing FULL_HPARAMS / FULL_ROBUST_HPARAMS
    * After changing --arch (GCN -> GAT etc.)
    * Final NeurIPS submission run (clean slate, 5 seeds)

  NO  ? retrain not needed:
    * Changing evaluation budgets (--pgnncert_T, --pgd_node_budgets)
    * Re-running Tables 5/6 or Figure 1 (always train fresh)
    * Changing --epochs_expl or --expl_n_seeds
------------------------------------------------------------------------


  [--force_retrain] Deleted 1 checkpoint group(s): aethelred_node_GCN_clean
Epoch: 0, train_acc: 0.0595, val_acc: 0.0591, loss: 2.3430
Val improved
Epoch: 10, train_acc: 0.3737, val_acc: 0.3737, loss: 2.1779
Val improved
Epoch: 20, train_acc: 0.3754, val_acc: 0.3759, loss: 2.0984
Epoch: 30, train_acc: 0.3754, val_acc: 0.3759, loss: 2.0347
Epoch: 40, train_acc: 0.3759, val_acc: 0.3759, loss: 1.9729
Epoch: 50, train_acc: 0.4001, val_acc: 0.4000, loss: 1.9016
Val improved
Epoch: 60, train_acc: 0.5688, val_acc: 0.5518, loss: 1.8068
Val improved
Epoch: 70, train_acc: 0.6809, val_acc: 0.6642, loss: 1.7189
Val improved
Epoch: 80, train_acc: 0.7061, val_acc: 0.6883, loss: 1.6392
Val improved
Epoch: 90, train_acc: 0.7185, val_acc: 0.7022, loss: 1.5715
Epoch: 100, train_acc: 0.7268, val_acc: 0.7073, loss: 1.5157
Val improved
Epoch: 110, train_acc: 0.7389, val_acc: 0.7175, loss: 1.4705
Val improved
Epoch: 120, train_acc: 0.7503, val_acc: 0.7321, loss: 1.4346
Val improved
Epoch: 130, train_acc: 0.7617, val_acc: 0.7431, loss: 1.4068
Val improved
Epoch: 140, train_acc: 0.7663, val_acc: 0.7482, loss: 1.3859
Val improved
Epoch: 150, train_acc: 0.7678, val_acc: 0.7504, loss: 1.3710
Epoch: 160, train_acc: 0.7695, val_acc: 0.7518, loss: 1.3609
Val improved
Epoch: 170, train_acc: 0.7714, val_acc: 0.7518, loss: 1.3548
Epoch: 180, train_acc: 0.7719, val_acc: 0.7518, loss: 1.3516
Epoch: 190, train_acc: 0.7721, val_acc: 0.7518, loss: 1.3504
  [ckpt] Saved -> checkpoints/aethelred_node_GCN_clean/Amazon-C/best_model  test_acc=0.7675

Final test accuracy on Amazon-C: 0.7675
