
------------------------------------------------------------------------
  AETHELRED -- CHECKPOINT STATUS & RETRAIN GUIDE
------------------------------------------------------------------------
  Aethelred   : 1 saved checkpoint(s) ? will be OVERWRITTEN this run
                (aethelred_node_GCN_clean)
  PGNNCert    : no checkpoints -> trains from scratch

  WHEN TO USE  --force_retrain
  -----------------------------------------------------------------
  YES ? must retrain:
    * After changing FULL_HPARAMS / FULL_ROBUST_HPARAMS
    * After changing --arch (GCN -> GAT etc.)
    * Final NeurIPS submission run (clean slate, 5 seeds)

  NO  ? retrain not needed:
    * Changing evaluation budgets (--pgnncert_T, --pgd_node_budgets)
    * Re-running Tables 5/6 or Figure 1 (always train fresh)
    * Changing --epochs_expl or --expl_n_seeds
------------------------------------------------------------------------


  [--force_retrain] Deleted 1 checkpoint group(s): aethelred_node_GCN_clean
Epoch: 0, train_acc: 0.3489, val_acc: 0.3533, loss: 2.3431
Val improved
Epoch: 10, train_acc: 0.3754, val_acc: 0.3759, loss: 2.0153
Epoch: 20, train_acc: 0.3754, val_acc: 0.3759, loss: 1.8738
Epoch: 30, train_acc: 0.5477, val_acc: 0.5277, loss: 1.6581
Val improved
Epoch: 40, train_acc: 0.7134, val_acc: 0.7080, loss: 1.3744
Val improved
Epoch: 50, train_acc: 0.7387, val_acc: 0.7204, loss: 1.1378
Val improved
Epoch: 60, train_acc: 0.7719, val_acc: 0.7431, loss: 0.9583
Val improved
Epoch: 70, train_acc: 0.8049, val_acc: 0.7774, loss: 0.8214
Val improved
Epoch: 80, train_acc: 0.8197, val_acc: 0.7861, loss: 0.7235
Val improved
Epoch: 90, train_acc: 0.8474, val_acc: 0.8073, loss: 0.6464
Val improved
Epoch: 100, train_acc: 0.8602, val_acc: 0.8139, loss: 0.5853
Epoch: 110, train_acc: 0.8665, val_acc: 0.8124, loss: 0.5368
Epoch: 120, train_acc: 0.8728, val_acc: 0.8109, loss: 0.4988
Epoch: 130, train_acc: 0.8898, val_acc: 0.8226, loss: 0.4697
Val improved
Epoch: 140, train_acc: 0.9148, val_acc: 0.8380, loss: 0.4478
Val improved
Epoch: 150, train_acc: 0.9260, val_acc: 0.8445, loss: 0.4321
Val improved
Epoch: 160, train_acc: 0.9323, val_acc: 0.8482, loss: 0.4214
Epoch: 170, train_acc: 0.9350, val_acc: 0.8526, loss: 0.4148
Epoch: 180, train_acc: 0.9374, val_acc: 0.8547, loss: 0.4114
Epoch: 190, train_acc: 0.9381, val_acc: 0.8555, loss: 0.4100
  [ckpt] Saved -> checkpoints/aethelred_node_GCN_clean/Amazon-C/best_model  test_acc=0.8753

Final test accuracy on Amazon-C: 0.8753
