
------------------------------------------------------------------------
  AETHELRED -- CHECKPOINT STATUS & RETRAIN GUIDE
------------------------------------------------------------------------
  Aethelred   : 1 saved checkpoint(s) ? will be OVERWRITTEN this run
                (aethelred_node_GCN_clean)
  PGNNCert    : no checkpoints -> trains from scratch

  WHEN TO USE  --force_retrain
  -----------------------------------------------------------------
  YES ? must retrain:
    * After changing FULL_HPARAMS / FULL_ROBUST_HPARAMS
    * After changing --arch (GCN -> GAT etc.)
    * Final NeurIPS submission run (clean slate, 5 seeds)

  NO  ? retrain not needed:
    * Changing evaluation budgets (--pgnncert_T, --pgd_node_budgets)
    * Re-running Tables 5/6 or Figure 1 (always train fresh)
    * Changing --epochs_expl or --expl_n_seeds
------------------------------------------------------------------------


  [--force_retrain] Deleted 1 checkpoint group(s): aethelred_node_GCN_clean
Epoch: 0, train_acc: 0.3506, val_acc: 0.3569, loss: 2.3430
Val improved
Epoch: 10, train_acc: 0.3754, val_acc: 0.3759, loss: 2.0151
Epoch: 20, train_acc: 0.3754, val_acc: 0.3759, loss: 1.8882
Epoch: 30, train_acc: 0.3759, val_acc: 0.3759, loss: 1.7637
Epoch: 40, train_acc: 0.6671, val_acc: 0.6540, loss: 1.4743
Val improved
Epoch: 50, train_acc: 0.7134, val_acc: 0.6905, loss: 1.2290
Epoch: 60, train_acc: 0.7285, val_acc: 0.7088, loss: 1.0468
Val improved
Epoch: 70, train_acc: 0.7593, val_acc: 0.7328, loss: 0.9134
Val improved
Epoch: 80, train_acc: 0.7869, val_acc: 0.7672, loss: 0.8153
Val improved
Epoch: 90, train_acc: 0.7974, val_acc: 0.7745, loss: 0.7426
Val improved
Epoch: 100, train_acc: 0.8136, val_acc: 0.7869, loss: 0.6857
Epoch: 110, train_acc: 0.8246, val_acc: 0.7942, loss: 0.6418
Val improved
Epoch: 120, train_acc: 0.8316, val_acc: 0.8036, loss: 0.6078
Val improved
Epoch: 130, train_acc: 0.8357, val_acc: 0.8080, loss: 0.5816
Epoch: 140, train_acc: 0.8435, val_acc: 0.8161, loss: 0.5621
Val improved
Epoch: 150, train_acc: 0.8590, val_acc: 0.8270, loss: 0.5480
Epoch: 160, train_acc: 0.8724, val_acc: 0.8387, loss: 0.5386
Val improved
Epoch: 170, train_acc: 0.8784, val_acc: 0.8474, loss: 0.5327
Val improved
Epoch: 180, train_acc: 0.8811, val_acc: 0.8496, loss: 0.5297
Epoch: 190, train_acc: 0.8821, val_acc: 0.8504, loss: 0.5285
  [ckpt] Saved -> checkpoints/aethelred_node_GCN_clean/Amazon-C/best_model  test_acc=0.8602

Final test accuracy on Amazon-C: 0.8602
