
------------------------------------------------------------------------
  AETHELRED -- CHECKPOINT STATUS & RETRAIN GUIDE
------------------------------------------------------------------------
  Aethelred   : 1 saved checkpoint(s) ? will be OVERWRITTEN this run
                (aethelred_node_GCN_clean)
  PGNNCert    : no checkpoints -> trains from scratch

  WHEN TO USE  --force_retrain
  -----------------------------------------------------------------
  YES ? must retrain:
    * After changing FULL_HPARAMS / FULL_ROBUST_HPARAMS
    * After changing --arch (GCN -> GAT etc.)
    * Final NeurIPS submission run (clean slate, 5 seeds)

  NO  ? retrain not needed:
    * Changing evaluation budgets (--pgnncert_T, --pgd_node_budgets)
    * Re-running Tables 5/6 or Figure 1 (always train fresh)
    * Changing --epochs_expl or --expl_n_seeds
------------------------------------------------------------------------


  [--force_retrain] Deleted 1 checkpoint group(s): aethelred_node_GCN_clean
Epoch: 0, train_acc: 0.0595, val_acc: 0.0591, loss: 2.3430
Val improved
Epoch: 10, train_acc: 0.3735, val_acc: 0.3737, loss: 2.1773
Val improved
Epoch: 20, train_acc: 0.3754, val_acc: 0.3759, loss: 2.0974
Epoch: 30, train_acc: 0.3754, val_acc: 0.3759, loss: 2.0336
Epoch: 40, train_acc: 0.3759, val_acc: 0.3759, loss: 1.9716
Epoch: 50, train_acc: 0.4043, val_acc: 0.4051, loss: 1.8984
Val improved
Epoch: 60, train_acc: 0.5734, val_acc: 0.5569, loss: 1.8020
Val improved
Epoch: 70, train_acc: 0.6882, val_acc: 0.6686, loss: 1.7142
Val improved
Epoch: 80, train_acc: 0.7064, val_acc: 0.6847, loss: 1.6348
Val improved
Epoch: 90, train_acc: 0.7168, val_acc: 0.7000, loss: 1.5675
Val improved
Epoch: 100, train_acc: 0.7273, val_acc: 0.7095, loss: 1.5122
Val improved
Epoch: 110, train_acc: 0.7416, val_acc: 0.7182, loss: 1.4675
Val improved
Epoch: 120, train_acc: 0.7566, val_acc: 0.7387, loss: 1.4320
Val improved
Epoch: 130, train_acc: 0.7641, val_acc: 0.7474, loss: 1.4045
Val improved
Epoch: 140, train_acc: 0.7670, val_acc: 0.7474, loss: 1.3838
Epoch: 150, train_acc: 0.7690, val_acc: 0.7482, loss: 1.3691
Epoch: 160, train_acc: 0.7700, val_acc: 0.7496, loss: 1.3591
Epoch: 170, train_acc: 0.7702, val_acc: 0.7511, loss: 1.3530
Epoch: 180, train_acc: 0.7702, val_acc: 0.7511, loss: 1.3499
Epoch: 190, train_acc: 0.7707, val_acc: 0.7511, loss: 1.3487
  [ckpt] Saved -> checkpoints/aethelred_node_GCN_clean/Amazon-C/best_model  test_acc=0.7687

Final test accuracy on Amazon-C: 0.7687
